2016-11-17 08:33:54,585 [main] INFO - [o.s.t.c.s.AbstractContextLoader] - Could not detect default resource locations for test class [com.volvo.jvs.test.AbstractTestCase]: no resource found for suffixes {-context.xml, Context.groovy}.  
2016-11-17 08:33:54,646 [main] INFO - [o.s.t.c.s.AbstractDelegatingSmartContextLoader] - AnnotationConfigContextLoader detected default configuration classes for context configuration [ContextConfigurationAttributes@13bc54 declaringClass = 'com.volvo.jvs.test.AbstractTestCase', classes = '{class com.volvo.jvs.test.AbstractTestCase$Config}', locations = '{}', inheritLocations = true, initializers = '{}', inheritInitializers = true, name = [null], contextLoaderClass = 'org.springframework.test.context.ContextLoader'].  
2016-11-17 08:33:54,675 [main] INFO - [o.s.t.c.s.DefaultTestContextBootstrapper] - Using TestExecutionListeners: [org.springframework.test.context.web.ServletTestExecutionListener@56e684, org.springframework.test.context.support.DependencyInjectionTestExecutionListener@137fded, org.springframework.test.context.support.DirtiesContextTestExecutionListener@100078c, org.springframework.test.context.transaction.TransactionalTestExecutionListener@ef7efe]  
2016-11-17 08:33:54,786 [main] INFO - [o.s.c.s.GenericApplicationContext] - Refreshing org.springframework.context.support.GenericApplicationContext@32b92c: startup date [Thu Nov 17 08:33:54 CET 2016]; root of context hierarchy  
2016-11-17 08:33:54,875 [main] INFO - [o.s.b.f.x.XmlBeanDefinitionReader] - Loading XML bean definitions from class path resource [applicationContext.xml]  
2016-11-17 08:33:55,258 [main] INFO - [o.s.b.f.x.XmlBeanDefinitionReader] - Loading XML bean definitions from class path resource [dataSources.xml]  
2016-11-17 08:33:55,307 [main] INFO - [o.s.b.f.x.XmlBeanDefinitionReader] - Loading XML bean definitions from class path resource [txManager.xml]  
2016-11-17 08:33:55,339 [main] INFO - [o.s.b.f.x.XmlBeanDefinitionReader] - Loading XML bean definitions from class path resource [jpa.xml]  
2016-11-17 08:33:55,362 [main] INFO - [o.s.b.f.x.XmlBeanDefinitionReader] - Loading XML bean definitions from URL [file:/C:/workspace2/Phoenix/PhoenixCopyManager/PhoenixDocumentManagementDomain/PhoenixOrion/target/test-classes/META-INF/componentContext.xml]  
2016-11-17 08:33:55,433 [main] INFO - [o.s.b.f.x.XmlBeanDefinitionReader] - Loading XML bean definitions from URL [file:/C:/workspace2/Phoenix/PhoenixCopyManager/PhoenixDocumentManagementDomain/PhoenixOrion/target/classes/META-INF/componentContext.xml]  
2016-11-17 08:33:55,710 [main] INFO - [o.s.c.s.PropertySourcesPlaceholderConfigurer] - Loading properties file from class path resource [dataSources.properties]  
2016-11-17 08:33:55,716 [main] INFO - [o.s.c.s.PropertySourcesPlaceholderConfigurer] - Loading properties file from class path resource [dataSources.properties]  
2016-11-17 08:33:55,725 [main] INFO - [o.s.b.f.a.AutowiredAnnotationBeanPostProcessor] - JSR-330 'javax.inject.Inject' annotation found and supported for autowiring  
2016-11-17 08:33:55,820 [main] WARN - [c.a.j.AbstractDataSourceBean] - AtomikosDataSoureBean 'DataSource_Resource': poolSize equals default - this may cause performance problems!  
2016-11-17 08:33:57,066 [main] INFO - [o.s.o.j.LocalContainerEntityManagerFactoryBean] - Building JPA container EntityManagerFactory for persistence unit 'PhoenixOrionPU'  
2016-11-17 08:33:57,534 [main] WARN - [c.a.j.AtomikosConnectionProxy] - atomikos connection proxy for oracle.jdbc.driver.LogicalConnection@5510c5: WARNING: transaction manager not running?  
2016-11-17 08:33:57,903 [main] WARN - [c.a.j.AtomikosConnectionProxy] - atomikos connection proxy for oracle.jdbc.driver.LogicalConnection@5510c5: WARNING: transaction manager not running?  
2016-11-17 08:33:57,910 [main] WARN - [c.a.j.AtomikosConnectionProxy] - atomikos connection proxy for oracle.jdbc.driver.LogicalConnection@5510c5: WARNING: transaction manager not running?  
2016-11-17 08:33:57,911 [main] WARN - [c.a.j.AtomikosConnectionProxy] - atomikos connection proxy for oracle.jdbc.driver.LogicalConnection@5510c5: WARNING: transaction manager not running?  
2016-11-17 08:33:58,036 [main] WARN - [c.a.j.AtomikosConnectionProxy] - atomikos connection proxy for oracle.jdbc.driver.LogicalConnection@5510c5: WARNING: transaction manager not running?  
2016-11-17 08:33:58,590 [main] WARN - [c.a.i.c.UserTransactionServiceImp] - No properties path set - looking for transactions.properties in classpath...  
2016-11-17 08:33:58,591 [main] WARN - [c.a.i.c.UserTransactionServiceImp] - Using init file: /C:/workspace2/Phoenix/PhoenixCopyManager/PhoenixDocumentManagementDomain/PhoenixOrion/target/test-classes/transactions.properties  
2016-11-17 08:33:59,606 [main] INFO - [o.s.t.j.JtaTransactionManager] - Using JTA UserTransaction: com.atomikos.icatch.jta.UserTransactionManager@1b32765  
2016-11-17 08:33:59,607 [main] INFO - [o.s.t.j.JtaTransactionManager] - Using JTA TransactionManager: com.atomikos.icatch.jta.UserTransactionManager@1b32765  
2016-11-17 08:34:00,104 [main] WARN - [o.s.a.f.CglibAopProxy] - Unable to proxy method [public final void org.springframework.test.context.junit4.AbstractJUnit4SpringContextTests.setApplicationContext(org.springframework.context.ApplicationContext)] because it is final: All calls to this method via a proxy will NOT be routed to the target instance.  
2016-11-17 08:34:00,142 [main] INFO - [o.s.t.c.t.TransactionContext] - Began transaction (1) for test context [DefaultTestContext@cec114 testClass = OrionUserRepositoryTest, testInstance = com.volvo.phoenix.orion.repository.OrionUserRepositoryTest@1e611b1, testMethod = testFindByUsernameIgnoreCase@OrionUserRepositoryTest, testException = [null], mergedContextConfiguration = [MergedContextConfiguration@1939e4a testClass = OrionUserRepositoryTest, locations = '{}', classes = '{class com.volvo.jvs.test.AbstractTestCase$Config}', contextInitializerClasses = '[]', activeProfiles = '{junit}', propertySourceLocations = '{}', propertySourceProperties = '{}', contextLoader = 'org.springframework.test.context.support.DelegatingSmartContextLoader', parent = [null]]]; transaction manager [org.springframework.transaction.jta.JtaTransactionManager@7d27c0]; rollback [true]  
2016-11-17 08:34:00,711 [main] INFO - [o.s.t.c.t.TransactionContext] - Rolled back transaction for test context [DefaultTestContext@cec114 testClass = OrionUserRepositoryTest, testInstance = com.volvo.phoenix.orion.repository.OrionUserRepositoryTest@1e611b1, testMethod = testFindByUsernameIgnoreCase@OrionUserRepositoryTest, testException = [null], mergedContextConfiguration = [MergedContextConfiguration@1939e4a testClass = OrionUserRepositoryTest, locations = '{}', classes = '{class com.volvo.jvs.test.AbstractTestCase$Config}', contextInitializerClasses = '[]', activeProfiles = '{junit}', propertySourceLocations = '{}', propertySourceProperties = '{}', contextLoader = 'org.springframework.test.context.support.DelegatingSmartContextLoader', parent = [null]]].  
2016-11-17 08:34:00,717 [main] INFO - [o.s.c.s.GenericApplicationContext] - Closing org.springframework.context.support.GenericApplicationContext@32b92c: startup date [Thu Nov 17 08:33:54 CET 2016]; root of context hierarchy  
2016-11-17 08:34:00,794 [main] INFO - [o.s.o.j.LocalContainerEntityManagerFactoryBean] - Closing JPA EntityManagerFactory for persistence unit 'PhoenixOrionPU'  
2016-11-17 08:34:01,611 [main] INFO - [o.s.t.c.s.AbstractContextLoader] - Could not detect default resource locations for test class [com.volvo.jvs.test.AbstractTestCase]: no resource found for suffixes {-context.xml, Context.groovy}.  
2016-11-17 08:34:01,620 [main] INFO - [o.s.t.c.s.AbstractDelegatingSmartContextLoader] - AnnotationConfigContextLoader detected default configuration classes for context configuration [ContextConfigurationAttributes@bd477a declaringClass = 'com.volvo.jvs.test.AbstractTestCase', classes = '{class com.volvo.jvs.test.AbstractTestCase$Config}', locations = '{}', inheritLocations = true, initializers = '{}', inheritInitializers = true, name = [null], contextLoaderClass = 'org.springframework.test.context.ContextLoader'].  
2016-11-17 08:34:01,646 [main] INFO - [o.s.t.c.s.DefaultTestContextBootstrapper] - Using TestExecutionListeners: [org.springframework.test.context.web.ServletTestExecutionListener@1a12fe6, org.springframework.test.context.support.DependencyInjectionTestExecutionListener@14fd510, org.springframework.test.context.support.DirtiesContextTestExecutionListener@2d0e1c, org.springframework.test.context.transaction.TransactionalTestExecutionListener@1f960c4]  
2016-11-17 08:34:01,761 [main] INFO - [o.s.c.s.GenericApplicationContext] - Refreshing org.springframework.context.support.GenericApplicationContext@8b88bd: startup date [Thu Nov 17 08:34:01 CET 2016]; root of context hierarchy  
2016-11-17 08:34:01,845 [main] INFO - [o.s.b.f.x.XmlBeanDefinitionReader] - Loading XML bean definitions from class path resource [applicationContext.xml]  
2016-11-17 08:34:01,918 [main] INFO - [o.s.b.f.x.XmlBeanDefinitionReader] - Loading XML bean definitions from class path resource [dataSources.xml]  
2016-11-17 08:34:01,963 [main] INFO - [o.s.b.f.x.XmlBeanDefinitionReader] - Loading XML bean definitions from class path resource [txManager.xml]  
2016-11-17 08:34:01,993 [main] INFO - [o.s.b.f.x.XmlBeanDefinitionReader] - Loading XML bean definitions from class path resource [jpa.xml]  
2016-11-17 08:34:02,021 [main] INFO - [o.s.b.f.x.XmlBeanDefinitionReader] - Loading XML bean definitions from URL [file:/C:/workspace2/Phoenix/PhoenixCopyManager/PhoenixDocumentManagementDomain/PhoenixOrion/target/test-classes/META-INF/componentContext.xml]  
2016-11-17 08:34:02,086 [main] INFO - [o.s.b.f.x.XmlBeanDefinitionReader] - Loading XML bean definitions from URL [file:/C:/workspace2/Phoenix/PhoenixCopyManager/PhoenixDocumentManagementDomain/PhoenixOrion/target/classes/META-INF/componentContext.xml]  
2016-11-17 08:34:02,349 [main] INFO - [o.s.c.s.PropertySourcesPlaceholderConfigurer] - Loading properties file from class path resource [dataSources.properties]  
2016-11-17 08:34:02,355 [main] INFO - [o.s.c.s.PropertySourcesPlaceholderConfigurer] - Loading properties file from class path resource [dataSources.properties]  
2016-11-17 08:34:02,364 [main] INFO - [o.s.b.f.a.AutowiredAnnotationBeanPostProcessor] - JSR-330 'javax.inject.Inject' annotation found and supported for autowiring  
2016-11-17 08:34:02,445 [main] WARN - [c.a.j.AbstractDataSourceBean] - AtomikosDataSoureBean 'DataSource_Resource': poolSize equals default - this may cause performance problems!  
2016-11-17 08:34:03,611 [main] INFO - [o.s.o.j.LocalContainerEntityManagerFactoryBean] - Building JPA container EntityManagerFactory for persistence unit 'PhoenixOrionPU'  
2016-11-17 08:34:04,061 [main] WARN - [c.a.j.AtomikosConnectionProxy] - atomikos connection proxy for oracle.jdbc.driver.LogicalConnection@13e4a47: WARNING: transaction manager not running?  
2016-11-17 08:34:04,432 [main] WARN - [c.a.j.AtomikosConnectionProxy] - atomikos connection proxy for oracle.jdbc.driver.LogicalConnection@13e4a47: WARNING: transaction manager not running?  
2016-11-17 08:34:04,436 [main] WARN - [c.a.j.AtomikosConnectionProxy] - atomikos connection proxy for oracle.jdbc.driver.LogicalConnection@13e4a47: WARNING: transaction manager not running?  
2016-11-17 08:34:04,437 [main] WARN - [c.a.j.AtomikosConnectionProxy] - atomikos connection proxy for oracle.jdbc.driver.LogicalConnection@13e4a47: WARNING: transaction manager not running?  
2016-11-17 08:34:04,561 [main] WARN - [c.a.j.AtomikosConnectionProxy] - atomikos connection proxy for oracle.jdbc.driver.LogicalConnection@13e4a47: WARNING: transaction manager not running?  
2016-11-17 08:34:05,158 [main] WARN - [c.a.i.c.UserTransactionServiceImp] - No properties path set - looking for transactions.properties in classpath...  
2016-11-17 08:34:05,159 [main] WARN - [c.a.i.c.UserTransactionServiceImp] - Using init file: /C:/workspace2/Phoenix/PhoenixCopyManager/PhoenixDocumentManagementDomain/PhoenixOrion/target/test-classes/transactions.properties  
2016-11-17 08:34:06,181 [main] INFO - [o.s.t.j.JtaTransactionManager] - Using JTA UserTransaction: com.atomikos.icatch.jta.UserTransactionManager@135b3cd  
2016-11-17 08:34:06,182 [main] INFO - [o.s.t.j.JtaTransactionManager] - Using JTA TransactionManager: com.atomikos.icatch.jta.UserTransactionManager@135b3cd  
2016-11-17 08:34:06,674 [main] WARN - [o.s.a.f.CglibAopProxy] - Unable to proxy method [public final void org.springframework.test.context.junit4.AbstractJUnit4SpringContextTests.setApplicationContext(org.springframework.context.ApplicationContext)] because it is final: All calls to this method via a proxy will NOT be routed to the target instance.  
2016-11-17 08:34:06,720 [main] INFO - [o.s.t.c.t.TransactionContext] - Began transaction (1) for test context [DefaultTestContext@c11c0f testClass = OrionDocumentRepositoryIntegrationTest, testInstance = com.volvo.phoenix.orion.repository.OrionDocumentRepositoryIntegrationTest@1938de, testMethod = shouldFindComponentsByDocumentId@OrionDocumentRepositoryIntegrationTest, testException = [null], mergedContextConfiguration = [MergedContextConfiguration@1e497b2 testClass = OrionDocumentRepositoryIntegrationTest, locations = '{}', classes = '{class com.volvo.jvs.test.AbstractTestCase$Config}', contextInitializerClasses = '[]', activeProfiles = '{junit}', propertySourceLocations = '{}', propertySourceProperties = '{}', contextLoader = 'org.springframework.test.context.support.DelegatingSmartContextLoader', parent = [null]]]; transaction manager [org.springframework.transaction.jta.JtaTransactionManager@a343c9]; rollback [true]  
2016-11-17 08:34:09,290 [main] INFO - [o.s.t.c.t.TransactionContext] - Rolled back transaction for test context [DefaultTestContext@c11c0f testClass = OrionDocumentRepositoryIntegrationTest, testInstance = com.volvo.phoenix.orion.repository.OrionDocumentRepositoryIntegrationTest@1938de, testMethod = shouldFindComponentsByDocumentId@OrionDocumentRepositoryIntegrationTest, testException = [null], mergedContextConfiguration = [MergedContextConfiguration@1e497b2 testClass = OrionDocumentRepositoryIntegrationTest, locations = '{}', classes = '{class com.volvo.jvs.test.AbstractTestCase$Config}', contextInitializerClasses = '[]', activeProfiles = '{junit}', propertySourceLocations = '{}', propertySourceProperties = '{}', contextLoader = 'org.springframework.test.context.support.DelegatingSmartContextLoader', parent = [null]]].  
2016-11-17 08:34:09,294 [main] INFO - [o.s.t.c.t.TransactionContext] - Began transaction (1) for test context [DefaultTestContext@c11c0f testClass = OrionDocumentRepositoryIntegrationTest, testInstance = com.volvo.phoenix.orion.repository.OrionDocumentRepositoryIntegrationTest@19af553, testMethod = shouldFindDocumentNameByDocumentId@OrionDocumentRepositoryIntegrationTest, testException = [null], mergedContextConfiguration = [MergedContextConfiguration@1e497b2 testClass = OrionDocumentRepositoryIntegrationTest, locations = '{}', classes = '{class com.volvo.jvs.test.AbstractTestCase$Config}', contextInitializerClasses = '[]', activeProfiles = '{junit}', propertySourceLocations = '{}', propertySourceProperties = '{}', contextLoader = 'org.springframework.test.context.support.DelegatingSmartContextLoader', parent = [null]]]; transaction manager [org.springframework.transaction.jta.JtaTransactionManager@a343c9]; rollback [true]  
2016-11-17 08:34:11,036 [main] INFO - [o.s.t.c.t.TransactionContext] - Rolled back transaction for test context [DefaultTestContext@c11c0f testClass = OrionDocumentRepositoryIntegrationTest, testInstance = com.volvo.phoenix.orion.repository.OrionDocumentRepositoryIntegrationTest@19af553, testMethod = shouldFindDocumentNameByDocumentId@OrionDocumentRepositoryIntegrationTest, testException = [null], mergedContextConfiguration = [MergedContextConfiguration@1e497b2 testClass = OrionDocumentRepositoryIntegrationTest, locations = '{}', classes = '{class com.volvo.jvs.test.AbstractTestCase$Config}', contextInitializerClasses = '[]', activeProfiles = '{junit}', propertySourceLocations = '{}', propertySourceProperties = '{}', contextLoader = 'org.springframework.test.context.support.DelegatingSmartContextLoader', parent = [null]]].  
2016-11-17 08:34:11,044 [main] INFO - [o.s.t.c.t.TransactionContext] - Began transaction (1) for test context [DefaultTestContext@c11c0f testClass = OrionDocumentRepositoryIntegrationTest, testInstance = com.volvo.phoenix.orion.repository.OrionDocumentRepositoryIntegrationTest@1ded493, testMethod = shouldFindLatestDocumentVersion@OrionDocumentRepositoryIntegrationTest, testException = [null], mergedContextConfiguration = [MergedContextConfiguration@1e497b2 testClass = OrionDocumentRepositoryIntegrationTest, locations = '{}', classes = '{class com.volvo.jvs.test.AbstractTestCase$Config}', contextInitializerClasses = '[]', activeProfiles = '{junit}', propertySourceLocations = '{}', propertySourceProperties = '{}', contextLoader = 'org.springframework.test.context.support.DelegatingSmartContextLoader', parent = [null]]]; transaction manager [org.springframework.transaction.jta.JtaTransactionManager@a343c9]; rollback [true]  
2016-11-17 08:34:14,062 [main] INFO - [o.s.t.c.t.TransactionContext] - Rolled back transaction for test context [DefaultTestContext@c11c0f testClass = OrionDocumentRepositoryIntegrationTest, testInstance = com.volvo.phoenix.orion.repository.OrionDocumentRepositoryIntegrationTest@1ded493, testMethod = shouldFindLatestDocumentVersion@OrionDocumentRepositoryIntegrationTest, testException = [null], mergedContextConfiguration = [MergedContextConfiguration@1e497b2 testClass = OrionDocumentRepositoryIntegrationTest, locations = '{}', classes = '{class com.volvo.jvs.test.AbstractTestCase$Config}', contextInitializerClasses = '[]', activeProfiles = '{junit}', propertySourceLocations = '{}', propertySourceProperties = '{}', contextLoader = 'org.springframework.test.context.support.DelegatingSmartContextLoader', parent = [null]]].  
2016-11-17 08:34:14,070 [main] INFO - [o.s.t.c.t.TransactionContext] - Began transaction (1) for test context [DefaultTestContext@c11c0f testClass = OrionDocumentRepositoryIntegrationTest, testInstance = com.volvo.phoenix.orion.repository.OrionDocumentRepositoryIntegrationTest@1f19bf0, testMethod = shouldCreateNewACL@OrionDocumentRepositoryIntegrationTest, testException = [null], mergedContextConfiguration = [MergedContextConfiguration@1e497b2 testClass = OrionDocumentRepositoryIntegrationTest, locations = '{}', classes = '{class com.volvo.jvs.test.AbstractTestCase$Config}', contextInitializerClasses = '[]', activeProfiles = '{junit}', propertySourceLocations = '{}', propertySourceProperties = '{}', contextLoader = 'org.springframework.test.context.support.DelegatingSmartContextLoader', parent = [null]]]; transaction manager [org.springframework.transaction.jta.JtaTransactionManager@a343c9]; rollback [true]  
2016-11-17 08:34:15,809 [main] INFO - [o.s.t.c.t.TransactionContext] - Rolled back transaction for test context [DefaultTestContext@c11c0f testClass = OrionDocumentRepositoryIntegrationTest, testInstance = com.volvo.phoenix.orion.repository.OrionDocumentRepositoryIntegrationTest@1f19bf0, testMethod = shouldCreateNewACL@OrionDocumentRepositoryIntegrationTest, testException = [null], mergedContextConfiguration = [MergedContextConfiguration@1e497b2 testClass = OrionDocumentRepositoryIntegrationTest, locations = '{}', classes = '{class com.volvo.jvs.test.AbstractTestCase$Config}', contextInitializerClasses = '[]', activeProfiles = '{junit}', propertySourceLocations = '{}', propertySourceProperties = '{}', contextLoader = 'org.springframework.test.context.support.DelegatingSmartContextLoader', parent = [null]]].  
2016-11-17 08:34:15,813 [main] INFO - [o.s.c.s.GenericApplicationContext] - Closing org.springframework.context.support.GenericApplicationContext@8b88bd: startup date [Thu Nov 17 08:34:01 CET 2016]; root of context hierarchy  
2016-11-17 08:34:15,889 [main] INFO - [o.s.o.j.LocalContainerEntityManagerFactoryBean] - Closing JPA EntityManagerFactory for persistence unit 'PhoenixOrionPU'  
2016-11-17 08:34:15,955 [main] INFO - [o.s.t.c.s.AbstractContextLoader] - Could not detect default resource locations for test class [com.volvo.jvs.test.AbstractTestCase]: no resource found for suffixes {-context.xml, Context.groovy}.  
2016-11-17 08:34:15,955 [main] INFO - [o.s.t.c.s.AbstractDelegatingSmartContextLoader] - AnnotationConfigContextLoader detected default configuration classes for context configuration [ContextConfigurationAttributes@11c5122 declaringClass = 'com.volvo.jvs.test.AbstractTestCase', classes = '{class com.volvo.jvs.test.AbstractTestCase$Config}', locations = '{}', inheritLocations = true, initializers = '{}', inheritInitializers = true, name = [null], contextLoaderClass = 'org.springframework.test.context.ContextLoader'].  
2016-11-17 08:34:15,957 [main] INFO - [o.s.t.c.s.DefaultTestContextBootstrapper] - Using TestExecutionListeners: [org.springframework.test.context.web.ServletTestExecutionListener@12a85e, org.springframework.test.context.support.DependencyInjectionTestExecutionListener@ebd11b, org.springframework.test.context.support.DirtiesContextTestExecutionListener@1ed5379, org.springframework.test.context.transaction.TransactionalTestExecutionListener@3330d]  
2016-11-17 08:34:15,959 [main] INFO - [o.s.c.s.GenericApplicationContext] - Refreshing org.springframework.context.support.GenericApplicationContext@c9f9d: startup date [Thu Nov 17 08:34:15 CET 2016]; root of context hierarchy  
2016-11-17 08:34:15,971 [main] INFO - [o.s.b.f.x.XmlBeanDefinitionReader] - Loading XML bean definitions from class path resource [applicationContext.xml]  
2016-11-17 08:34:15,987 [main] INFO - [o.s.b.f.x.XmlBeanDefinitionReader] - Loading XML bean definitions from class path resource [dataSources.xml]  
2016-11-17 08:34:16,025 [main] INFO - [o.s.b.f.x.XmlBeanDefinitionReader] - Loading XML bean definitions from class path resource [txManager.xml]  
2016-11-17 08:34:16,038 [main] INFO - [o.s.b.f.x.XmlBeanDefinitionReader] - Loading XML bean definitions from class path resource [jpa.xml]  
2016-11-17 08:34:16,055 [main] INFO - [o.s.b.f.x.XmlBeanDefinitionReader] - Loading XML bean definitions from URL [file:/C:/workspace2/Phoenix/PhoenixCopyManager/PhoenixDocumentManagementDomain/PhoenixOrion/target/test-classes/META-INF/componentContext.xml]  
2016-11-17 08:34:16,084 [main] INFO - [o.s.b.f.x.XmlBeanDefinitionReader] - Loading XML bean definitions from URL [file:/C:/workspace2/Phoenix/PhoenixCopyManager/PhoenixDocumentManagementDomain/PhoenixOrion/target/classes/META-INF/componentContext.xml]  
2016-11-17 08:34:16,180 [main] INFO - [o.s.c.s.PropertySourcesPlaceholderConfigurer] - Loading properties file from class path resource [dataSources.properties]  
2016-11-17 08:34:16,184 [main] INFO - [o.s.c.s.PropertySourcesPlaceholderConfigurer] - Loading properties file from class path resource [dataSources.properties]  
2016-11-17 08:34:16,189 [main] INFO - [o.s.b.f.a.AutowiredAnnotationBeanPostProcessor] - JSR-330 'javax.inject.Inject' annotation found and supported for autowiring  
2016-11-17 08:34:16,195 [main] WARN - [c.a.j.AbstractDataSourceBean] - AtomikosDataSoureBean 'DataSource_Resource': poolSize equals default - this may cause performance problems!  
2016-11-17 08:34:16,828 [main] INFO - [o.s.o.j.LocalContainerEntityManagerFactoryBean] - Building JPA container EntityManagerFactory for persistence unit 'PhoenixOrionPU'  
2016-11-17 08:34:16,882 [main] WARN - [c.a.j.AtomikosConnectionProxy] - atomikos connection proxy for oracle.jdbc.driver.LogicalConnection@17828a6: WARNING: transaction manager not running?  
2016-11-17 08:34:17,124 [main] WARN - [c.a.j.AtomikosConnectionProxy] - atomikos connection proxy for oracle.jdbc.driver.LogicalConnection@17828a6: WARNING: transaction manager not running?  
2016-11-17 08:34:17,125 [main] WARN - [c.a.j.AtomikosConnectionProxy] - atomikos connection proxy for oracle.jdbc.driver.LogicalConnection@17828a6: WARNING: transaction manager not running?  
2016-11-17 08:34:17,127 [main] WARN - [c.a.j.AtomikosConnectionProxy] - atomikos connection proxy for oracle.jdbc.driver.LogicalConnection@17828a6: WARNING: transaction manager not running?  
2016-11-17 08:34:17,247 [main] WARN - [c.a.j.AtomikosConnectionProxy] - atomikos connection proxy for oracle.jdbc.driver.LogicalConnection@17828a6: WARNING: transaction manager not running?  
2016-11-17 08:34:17,326 [main] WARN - [c.a.i.c.UserTransactionServiceImp] - No properties path set - looking for transactions.properties in classpath...  
2016-11-17 08:34:17,327 [main] WARN - [c.a.i.c.UserTransactionServiceImp] - Using init file: /C:/workspace2/Phoenix/PhoenixCopyManager/PhoenixDocumentManagementDomain/PhoenixOrion/target/test-classes/transactions.properties  
2016-11-17 08:34:18,290 [main] INFO - [o.s.t.j.JtaTransactionManager] - Using JTA UserTransaction: com.atomikos.icatch.jta.UserTransactionManager@c806e  
2016-11-17 08:34:18,291 [main] INFO - [o.s.t.j.JtaTransactionManager] - Using JTA TransactionManager: com.atomikos.icatch.jta.UserTransactionManager@c806e  
2016-11-17 08:34:18,390 [main] WARN - [o.s.a.f.CglibAopProxy] - Unable to proxy method [public final void org.springframework.test.context.junit4.AbstractJUnit4SpringContextTests.setApplicationContext(org.springframework.context.ApplicationContext)] because it is final: All calls to this method via a proxy will NOT be routed to the target instance.  
2016-11-17 08:34:18,400 [main] INFO - [o.s.t.c.t.TransactionContext] - Began transaction (1) for test context [DefaultTestContext@1ab0164 testClass = OrionGroupRepositoryIntegrationTest, testInstance = com.volvo.phoenix.orion.repository.OrionGroupRepositoryIntegrationTest@1e85f8d, testMethod = testFindByUsernameIgnoreCase@OrionGroupRepositoryIntegrationTest, testException = [null], mergedContextConfiguration = [MergedContextConfiguration@d9628f testClass = OrionGroupRepositoryIntegrationTest, locations = '{}', classes = '{class com.volvo.jvs.test.AbstractTestCase$Config}', contextInitializerClasses = '[]', activeProfiles = '{junit}', propertySourceLocations = '{}', propertySourceProperties = '{}', contextLoader = 'org.springframework.test.context.support.DelegatingSmartContextLoader', parent = [null]]]; transaction manager [org.springframework.transaction.jta.JtaTransactionManager@1d5ac28]; rollback [true]  
2016-11-17 08:34:20,171 [main] INFO - [o.s.t.c.t.TransactionContext] - Rolled back transaction for test context [DefaultTestContext@1ab0164 testClass = OrionGroupRepositoryIntegrationTest, testInstance = com.volvo.phoenix.orion.repository.OrionGroupRepositoryIntegrationTest@1e85f8d, testMethod = testFindByUsernameIgnoreCase@OrionGroupRepositoryIntegrationTest, testException = [null], mergedContextConfiguration = [MergedContextConfiguration@d9628f testClass = OrionGroupRepositoryIntegrationTest, locations = '{}', classes = '{class com.volvo.jvs.test.AbstractTestCase$Config}', contextInitializerClasses = '[]', activeProfiles = '{junit}', propertySourceLocations = '{}', propertySourceProperties = '{}', contextLoader = 'org.springframework.test.context.support.DelegatingSmartContextLoader', parent = [null]]].  
2016-11-17 08:34:20,173 [main] INFO - [o.s.c.s.GenericApplicationContext] - Closing org.springframework.context.support.GenericApplicationContext@c9f9d: startup date [Thu Nov 17 08:34:15 CET 2016]; root of context hierarchy  
2016-11-17 08:34:20,243 [main] INFO - [o.s.o.j.LocalContainerEntityManagerFactoryBean] - Closing JPA EntityManagerFactory for persistence unit 'PhoenixOrionPU'  
2016-11-17 08:34:20,310 [main] INFO - [o.s.t.c.s.AbstractContextLoader] - Could not detect default resource locations for test class [com.volvo.jvs.test.AbstractTestCase]: no resource found for suffixes {-context.xml, Context.groovy}.  
2016-11-17 08:34:20,312 [main] INFO - [o.s.t.c.s.AbstractDelegatingSmartContextLoader] - AnnotationConfigContextLoader detected default configuration classes for context configuration [ContextConfigurationAttributes@1a4a57a declaringClass = 'com.volvo.jvs.test.AbstractTestCase', classes = '{class com.volvo.jvs.test.AbstractTestCase$Config}', locations = '{}', inheritLocations = true, initializers = '{}', inheritInitializers = true, name = [null], contextLoaderClass = 'org.springframework.test.context.ContextLoader'].  
2016-11-17 08:34:20,326 [main] INFO - [o.s.t.c.s.DefaultTestContextBootstrapper] - Using TestExecutionListeners: [org.springframework.test.context.web.ServletTestExecutionListener@6bf49c, org.springframework.test.context.support.DependencyInjectionTestExecutionListener@1882f01, org.springframework.test.context.support.DirtiesContextTestExecutionListener@1c62b09, org.springframework.test.context.transaction.TransactionalTestExecutionListener@133994d]  
2016-11-17 08:34:20,331 [main] INFO - [o.s.c.s.GenericApplicationContext] - Refreshing org.springframework.context.support.GenericApplicationContext@95c951: startup date [Thu Nov 17 08:34:20 CET 2016]; root of context hierarchy  
2016-11-17 08:34:20,343 [main] INFO - [o.s.b.f.x.XmlBeanDefinitionReader] - Loading XML bean definitions from class path resource [applicationContext.xml]  
2016-11-17 08:34:20,357 [main] INFO - [o.s.b.f.x.XmlBeanDefinitionReader] - Loading XML bean definitions from class path resource [dataSources.xml]  
2016-11-17 08:34:20,377 [main] INFO - [o.s.b.f.x.XmlBeanDefinitionReader] - Loading XML bean definitions from class path resource [txManager.xml]  
2016-11-17 08:34:20,391 [main] INFO - [o.s.b.f.x.XmlBeanDefinitionReader] - Loading XML bean definitions from class path resource [jpa.xml]  
2016-11-17 08:34:20,404 [main] INFO - [o.s.b.f.x.XmlBeanDefinitionReader] - Loading XML bean definitions from URL [file:/C:/workspace2/Phoenix/PhoenixCopyManager/PhoenixDocumentManagementDomain/PhoenixOrion/target/test-classes/META-INF/componentContext.xml]  
2016-11-17 08:34:20,431 [main] INFO - [o.s.b.f.x.XmlBeanDefinitionReader] - Loading XML bean definitions from URL [file:/C:/workspace2/Phoenix/PhoenixCopyManager/PhoenixDocumentManagementDomain/PhoenixOrion/target/classes/META-INF/componentContext.xml]  
2016-11-17 08:34:20,533 [main] INFO - [o.s.c.s.PropertySourcesPlaceholderConfigurer] - Loading properties file from class path resource [dataSources.properties]  
2016-11-17 08:34:20,535 [main] INFO - [o.s.c.s.PropertySourcesPlaceholderConfigurer] - Loading properties file from class path resource [dataSources.properties]  
2016-11-17 08:34:20,538 [main] INFO - [o.s.b.f.a.AutowiredAnnotationBeanPostProcessor] - JSR-330 'javax.inject.Inject' annotation found and supported for autowiring  
2016-11-17 08:34:20,543 [main] WARN - [c.a.j.AbstractDataSourceBean] - AtomikosDataSoureBean 'DataSource_Resource': poolSize equals default - this may cause performance problems!  
2016-11-17 08:34:21,160 [main] INFO - [o.s.o.j.LocalContainerEntityManagerFactoryBean] - Building JPA container EntityManagerFactory for persistence unit 'PhoenixOrionPU'  
2016-11-17 08:34:21,196 [main] WARN - [c.a.j.AtomikosConnectionProxy] - atomikos connection proxy for oracle.jdbc.driver.LogicalConnection@1304cdb: WARNING: transaction manager not running?  
2016-11-17 08:34:21,441 [main] WARN - [c.a.j.AtomikosConnectionProxy] - atomikos connection proxy for oracle.jdbc.driver.LogicalConnection@1304cdb: WARNING: transaction manager not running?  
2016-11-17 08:34:21,442 [main] WARN - [c.a.j.AtomikosConnectionProxy] - atomikos connection proxy for oracle.jdbc.driver.LogicalConnection@1304cdb: WARNING: transaction manager not running?  
2016-11-17 08:34:21,443 [main] WARN - [c.a.j.AtomikosConnectionProxy] - atomikos connection proxy for oracle.jdbc.driver.LogicalConnection@1304cdb: WARNING: transaction manager not running?  
2016-11-17 08:34:21,562 [main] WARN - [c.a.j.AtomikosConnectionProxy] - atomikos connection proxy for oracle.jdbc.driver.LogicalConnection@1304cdb: WARNING: transaction manager not running?  
2016-11-17 08:34:21,639 [main] WARN - [c.a.i.c.UserTransactionServiceImp] - No properties path set - looking for transactions.properties in classpath...  
2016-11-17 08:34:21,640 [main] WARN - [c.a.i.c.UserTransactionServiceImp] - Using init file: /C:/workspace2/Phoenix/PhoenixCopyManager/PhoenixDocumentManagementDomain/PhoenixOrion/target/test-classes/transactions.properties  
2016-11-17 08:34:22,678 [main] INFO - [o.s.t.j.JtaTransactionManager] - Using JTA UserTransaction: com.atomikos.icatch.jta.UserTransactionManager@85f  
2016-11-17 08:34:22,678 [main] INFO - [o.s.t.j.JtaTransactionManager] - Using JTA TransactionManager: com.atomikos.icatch.jta.UserTransactionManager@85f  
2016-11-17 08:34:22,813 [main] WARN - [o.s.a.f.CglibAopProxy] - Unable to proxy method [public final void org.springframework.test.context.junit4.AbstractJUnit4SpringContextTests.setApplicationContext(org.springframework.context.ApplicationContext)] because it is final: All calls to this method via a proxy will NOT be routed to the target instance.  
2016-11-17 08:34:22,822 [main] INFO - [o.s.t.c.t.TransactionContext] - Began transaction (1) for test context [DefaultTestContext@f9fd0b testClass = OrionSecurityServiceIntegrationTest, testInstance = com.volvo.phoenix.orion.service.impl.OrionSecurityServiceIntegrationTest@540bd6, testMethod = shouldFindACLAdministrators@OrionSecurityServiceIntegrationTest, testException = [null], mergedContextConfiguration = [MergedContextConfiguration@1d538d4 testClass = OrionSecurityServiceIntegrationTest, locations = '{}', classes = '{class com.volvo.jvs.test.AbstractTestCase$Config}', contextInitializerClasses = '[]', activeProfiles = '{junit}', propertySourceLocations = '{}', propertySourceProperties = '{}', contextLoader = 'org.springframework.test.context.support.DelegatingSmartContextLoader', parent = [null]]]; transaction manager [org.springframework.transaction.jta.JtaTransactionManager@185ec5d]; rollback [true]  
2016-11-17 08:34:24,630 [main] INFO - [o.s.t.c.t.TransactionContext] - Rolled back transaction for test context [DefaultTestContext@f9fd0b testClass = OrionSecurityServiceIntegrationTest, testInstance = com.volvo.phoenix.orion.service.impl.OrionSecurityServiceIntegrationTest@540bd6, testMethod = shouldFindACLAdministrators@OrionSecurityServiceIntegrationTest, testException = [null], mergedContextConfiguration = [MergedContextConfiguration@1d538d4 testClass = OrionSecurityServiceIntegrationTest, locations = '{}', classes = '{class com.volvo.jvs.test.AbstractTestCase$Config}', contextInitializerClasses = '[]', activeProfiles = '{junit}', propertySourceLocations = '{}', propertySourceProperties = '{}', contextLoader = 'org.springframework.test.context.support.DelegatingSmartContextLoader', parent = [null]]].  
2016-11-17 08:34:24,632 [main] INFO - [o.s.c.s.GenericApplicationContext] - Closing org.springframework.context.support.GenericApplicationContext@95c951: startup date [Thu Nov 17 08:34:20 CET 2016]; root of context hierarchy  
2016-11-17 08:34:24,700 [main] INFO - [o.s.o.j.LocalContainerEntityManagerFactoryBean] - Closing JPA EntityManagerFactory for persistence unit 'PhoenixOrionPU'  
