2016-12-09 10:20:49,689 [main] INFO - [o.s.t.c.s.AbstractContextLoader] - Could not detect default resource locations for test class [com.volvo.jvs.test.AbstractTestCase]: no resource found for suffixes {-context.xml, Context.groovy}.  
2016-12-09 10:20:49,798 [main] INFO - [o.s.t.c.s.AbstractDelegatingSmartContextLoader] - AnnotationConfigContextLoader detected default configuration classes for context configuration [ContextConfigurationAttributes@1b1694e declaringClass = 'com.volvo.jvs.test.AbstractTestCase', classes = '{class com.volvo.jvs.test.AbstractTestCase$Config}', locations = '{}', inheritLocations = true, initializers = '{}', inheritInitializers = true, name = [null], contextLoaderClass = 'org.springframework.test.context.ContextLoader'].  
2016-12-09 10:20:49,860 [main] INFO - [o.s.t.c.s.DefaultTestContextBootstrapper] - Using TestExecutionListeners: [org.springframework.test.context.web.ServletTestExecutionListener@137fded, org.springframework.test.context.support.DependencyInjectionTestExecutionListener@100078c, org.springframework.test.context.support.DirtiesContextTestExecutionListener@ef7efe, org.springframework.test.context.transaction.TransactionalTestExecutionListener@17a95c6]  
2016-12-09 10:20:50,094 [main] INFO - [o.s.c.s.GenericApplicationContext] - Refreshing org.springframework.context.support.GenericApplicationContext@1b2f32: startup date [Fri Dec 09 10:20:50 CET 2016]; root of context hierarchy  
2016-12-09 10:20:50,219 [main] INFO - [o.s.b.f.x.XmlBeanDefinitionReader] - Loading XML bean definitions from class path resource [applicationContext.xml]  
2016-12-09 10:20:50,219 [main] INFO - [o.s.b.f.x.XmlBeanDefinitionReader] - Loading XML bean definitions from class path resource [applicationContext.xml]  
2016-12-09 10:20:50,765 [main] INFO - [o.s.b.f.x.XmlBeanDefinitionReader] - Loading XML bean definitions from class path resource [dataSources.xml]  
2016-12-09 10:20:50,765 [main] INFO - [o.s.b.f.x.XmlBeanDefinitionReader] - Loading XML bean definitions from class path resource [dataSources.xml]  
2016-12-09 10:20:50,860 [main] INFO - [o.s.b.f.x.XmlBeanDefinitionReader] - Loading XML bean definitions from class path resource [txManager.xml]  
2016-12-09 10:20:50,860 [main] INFO - [o.s.b.f.x.XmlBeanDefinitionReader] - Loading XML bean definitions from class path resource [txManager.xml]  
2016-12-09 10:20:51,062 [main] INFO - [o.s.b.f.x.XmlBeanDefinitionReader] - Loading XML bean definitions from class path resource [jpa.xml]  
2016-12-09 10:20:51,062 [main] INFO - [o.s.b.f.x.XmlBeanDefinitionReader] - Loading XML bean definitions from class path resource [jpa.xml]  
2016-12-09 10:20:51,125 [main] INFO - [o.s.b.f.x.XmlBeanDefinitionReader] - Loading XML bean definitions from URL [file:/C:/workspace2/Phoenix/PhoenixCopyManager/PhoenixDocumentManagementDomain/PhoenixOrion/target/test-classes/META-INF/componentContext.xml]  
2016-12-09 10:20:51,125 [main] INFO - [o.s.b.f.x.XmlBeanDefinitionReader] - Loading XML bean definitions from URL [file:/C:/workspace2/Phoenix/PhoenixCopyManager/PhoenixDocumentManagementDomain/PhoenixOrion/target/test-classes/META-INF/componentContext.xml]  
2016-12-09 10:20:51,203 [main] INFO - [o.s.b.f.x.XmlBeanDefinitionReader] - Loading XML bean definitions from URL [file:/C:/workspace2/Phoenix/PhoenixCopyManager/PhoenixDocumentManagementDomain/PhoenixOrion/target/classes/META-INF/componentContext.xml]  
2016-12-09 10:20:51,203 [main] INFO - [o.s.b.f.x.XmlBeanDefinitionReader] - Loading XML bean definitions from URL [file:/C:/workspace2/Phoenix/PhoenixCopyManager/PhoenixDocumentManagementDomain/PhoenixOrion/target/classes/META-INF/componentContext.xml]  
2016-12-09 10:20:51,983 [main] INFO - [o.s.c.s.PropertySourcesPlaceholderConfigurer] - Loading properties file from class path resource [dataSources.properties]  
2016-12-09 10:20:51,983 [main] INFO - [o.s.c.s.PropertySourcesPlaceholderConfigurer] - Loading properties file from class path resource [dataSources.properties]  
2016-12-09 10:20:51,984 [main] INFO - [o.s.b.f.a.AutowiredAnnotationBeanPostProcessor] - JSR-330 'javax.inject.Inject' annotation found and supported for autowiring  
2016-12-09 10:20:52,233 [main] WARN - [c.a.j.AbstractDataSourceBean] - AtomikosDataSoureBean 'DataSource_Resource': poolSize equals default - this may cause performance problems!  
2016-12-09 10:20:55,073 [main] INFO - [o.s.o.j.LocalContainerEntityManagerFactoryBean] - Building JPA container EntityManagerFactory for persistence unit 'PhoenixOrionPU'  
2016-12-09 10:20:56,790 [main] WARN - [c.a.j.AtomikosConnectionProxy] - atomikos connection proxy for oracle.jdbc.driver.LogicalConnection@984625: WARNING: transaction manager not running?  
2016-12-09 10:20:57,525 [main] WARN - [c.a.j.AtomikosConnectionProxy] - atomikos connection proxy for oracle.jdbc.driver.LogicalConnection@984625: WARNING: transaction manager not running?  
2016-12-09 10:20:57,540 [main] WARN - [c.a.j.AtomikosConnectionProxy] - atomikos connection proxy for oracle.jdbc.driver.LogicalConnection@984625: WARNING: transaction manager not running?  
2016-12-09 10:20:57,540 [main] WARN - [c.a.j.AtomikosConnectionProxy] - atomikos connection proxy for oracle.jdbc.driver.LogicalConnection@984625: WARNING: transaction manager not running?  
2016-12-09 10:20:57,665 [main] WARN - [c.a.j.AtomikosConnectionProxy] - atomikos connection proxy for oracle.jdbc.driver.LogicalConnection@984625: WARNING: transaction manager not running?  
2016-12-09 10:20:59,147 [main] WARN - [c.a.i.c.UserTransactionServiceImp] - No properties path set - looking for transactions.properties in classpath...  
2016-12-09 10:20:59,147 [main] WARN - [c.a.i.c.UserTransactionServiceImp] - Using init file: /C:/workspace2/Phoenix/PhoenixCopyManager/PhoenixDocumentManagementDomain/PhoenixOrion/target/test-classes/transactions.properties  
2016-12-09 10:21:00,250 [main] INFO - [o.s.t.j.JtaTransactionManager] - Using JTA UserTransaction: com.atomikos.icatch.jta.UserTransactionManager@25ea83  
2016-12-09 10:21:00,250 [main] INFO - [o.s.t.j.JtaTransactionManager] - Using JTA TransactionManager: com.atomikos.icatch.jta.UserTransactionManager@25ea83  
2016-12-09 10:21:01,710 [main] WARN - [o.s.a.f.CglibAopProxy] - Unable to proxy method [public final void org.springframework.test.context.junit4.AbstractJUnit4SpringContextTests.setApplicationContext(org.springframework.context.ApplicationContext)] because it is final: All calls to this method via a proxy will NOT be routed to the target instance.  
2016-12-09 10:21:01,828 [main] INFO - [o.s.t.c.t.TransactionContext] - Began transaction (1) for test context [DefaultTestContext@198b40d testClass = OrionUserRepositoryTest, testInstance = com.volvo.phoenix.orion.repository.OrionUserRepositoryTest@54fbbe, testMethod = testFindByUsernameIgnoreCase@OrionUserRepositoryTest, testException = [null], mergedContextConfiguration = [MergedContextConfiguration@15ba85a testClass = OrionUserRepositoryTest, locations = '{}', classes = '{class com.volvo.jvs.test.AbstractTestCase$Config}', contextInitializerClasses = '[]', activeProfiles = '{junit}', propertySourceLocations = '{}', propertySourceProperties = '{}', contextLoader = 'org.springframework.test.context.support.DelegatingSmartContextLoader', parent = [null]]]; transaction manager [org.springframework.transaction.jta.JtaTransactionManager@89e3c6]; rollback [true]  
2016-12-09 10:21:02,865 [main] INFO - [o.s.t.c.t.TransactionContext] - Rolled back transaction for test context [DefaultTestContext@198b40d testClass = OrionUserRepositoryTest, testInstance = com.volvo.phoenix.orion.repository.OrionUserRepositoryTest@54fbbe, testMethod = testFindByUsernameIgnoreCase@OrionUserRepositoryTest, testException = [null], mergedContextConfiguration = [MergedContextConfiguration@15ba85a testClass = OrionUserRepositoryTest, locations = '{}', classes = '{class com.volvo.jvs.test.AbstractTestCase$Config}', contextInitializerClasses = '[]', activeProfiles = '{junit}', propertySourceLocations = '{}', propertySourceProperties = '{}', contextLoader = 'org.springframework.test.context.support.DelegatingSmartContextLoader', parent = [null]]].  
2016-12-09 10:21:02,878 [main] INFO - [o.s.c.s.GenericApplicationContext] - Closing org.springframework.context.support.GenericApplicationContext@1b2f32: startup date [Fri Dec 09 10:20:50 CET 2016]; root of context hierarchy  
2016-12-09 10:21:02,960 [main] INFO - [o.s.o.j.LocalContainerEntityManagerFactoryBean] - Closing JPA EntityManagerFactory for persistence unit 'PhoenixOrionPU'  
2016-12-09 10:21:03,969 [main] INFO - [o.s.t.c.s.AbstractContextLoader] - Could not detect default resource locations for test class [com.volvo.jvs.test.AbstractTestCase]: no resource found for suffixes {-context.xml, Context.groovy}.  
2016-12-09 10:21:03,977 [main] INFO - [o.s.t.c.s.AbstractDelegatingSmartContextLoader] - AnnotationConfigContextLoader detected default configuration classes for context configuration [ContextConfigurationAttributes@bd477a declaringClass = 'com.volvo.jvs.test.AbstractTestCase', classes = '{class com.volvo.jvs.test.AbstractTestCase$Config}', locations = '{}', inheritLocations = true, initializers = '{}', inheritInitializers = true, name = [null], contextLoaderClass = 'org.springframework.test.context.ContextLoader'].  
2016-12-09 10:21:04,009 [main] INFO - [o.s.t.c.s.DefaultTestContextBootstrapper] - Using TestExecutionListeners: [org.springframework.test.context.web.ServletTestExecutionListener@1a12fe6, org.springframework.test.context.support.DependencyInjectionTestExecutionListener@14fd510, org.springframework.test.context.support.DirtiesContextTestExecutionListener@2d0e1c, org.springframework.test.context.transaction.TransactionalTestExecutionListener@1f960c4]  
2016-12-09 10:21:04,150 [main] INFO - [o.s.c.s.GenericApplicationContext] - Refreshing org.springframework.context.support.GenericApplicationContext@8ae431: startup date [Fri Dec 09 10:21:04 CET 2016]; root of context hierarchy  
2016-12-09 10:21:04,304 [main] INFO - [o.s.b.f.x.XmlBeanDefinitionReader] - Loading XML bean definitions from class path resource [applicationContext.xml]  
2016-12-09 10:21:04,304 [main] INFO - [o.s.b.f.x.XmlBeanDefinitionReader] - Loading XML bean definitions from class path resource [applicationContext.xml]  
2016-12-09 10:21:04,394 [main] INFO - [o.s.b.f.x.XmlBeanDefinitionReader] - Loading XML bean definitions from class path resource [dataSources.xml]  
2016-12-09 10:21:04,394 [main] INFO - [o.s.b.f.x.XmlBeanDefinitionReader] - Loading XML bean definitions from class path resource [dataSources.xml]  
2016-12-09 10:21:04,454 [main] INFO - [o.s.b.f.x.XmlBeanDefinitionReader] - Loading XML bean definitions from class path resource [txManager.xml]  
2016-12-09 10:21:04,454 [main] INFO - [o.s.b.f.x.XmlBeanDefinitionReader] - Loading XML bean definitions from class path resource [txManager.xml]  
2016-12-09 10:21:04,487 [main] INFO - [o.s.b.f.x.XmlBeanDefinitionReader] - Loading XML bean definitions from class path resource [jpa.xml]  
2016-12-09 10:21:04,487 [main] INFO - [o.s.b.f.x.XmlBeanDefinitionReader] - Loading XML bean definitions from class path resource [jpa.xml]  
2016-12-09 10:21:04,519 [main] INFO - [o.s.b.f.x.XmlBeanDefinitionReader] - Loading XML bean definitions from URL [file:/C:/workspace2/Phoenix/PhoenixCopyManager/PhoenixDocumentManagementDomain/PhoenixOrion/target/test-classes/META-INF/componentContext.xml]  
2016-12-09 10:21:04,519 [main] INFO - [o.s.b.f.x.XmlBeanDefinitionReader] - Loading XML bean definitions from URL [file:/C:/workspace2/Phoenix/PhoenixCopyManager/PhoenixDocumentManagementDomain/PhoenixOrion/target/test-classes/META-INF/componentContext.xml]  
2016-12-09 10:21:04,606 [main] INFO - [o.s.b.f.x.XmlBeanDefinitionReader] - Loading XML bean definitions from URL [file:/C:/workspace2/Phoenix/PhoenixCopyManager/PhoenixDocumentManagementDomain/PhoenixOrion/target/classes/META-INF/componentContext.xml]  
2016-12-09 10:21:04,606 [main] INFO - [o.s.b.f.x.XmlBeanDefinitionReader] - Loading XML bean definitions from URL [file:/C:/workspace2/Phoenix/PhoenixCopyManager/PhoenixDocumentManagementDomain/PhoenixOrion/target/classes/META-INF/componentContext.xml]  
2016-12-09 10:21:04,953 [main] INFO - [o.s.c.s.PropertySourcesPlaceholderConfigurer] - Loading properties file from class path resource [dataSources.properties]  
2016-12-09 10:21:04,960 [main] INFO - [o.s.c.s.PropertySourcesPlaceholderConfigurer] - Loading properties file from class path resource [dataSources.properties]  
2016-12-09 10:21:04,977 [main] INFO - [o.s.b.f.a.AutowiredAnnotationBeanPostProcessor] - JSR-330 'javax.inject.Inject' annotation found and supported for autowiring  
2016-12-09 10:21:05,142 [main] WARN - [c.a.j.AbstractDataSourceBean] - AtomikosDataSoureBean 'DataSource_Resource': poolSize equals default - this may cause performance problems!  
2016-12-09 10:21:06,319 [main] INFO - [o.s.o.j.LocalContainerEntityManagerFactoryBean] - Building JPA container EntityManagerFactory for persistence unit 'PhoenixOrionPU'  
2016-12-09 10:21:06,897 [main] WARN - [c.a.j.AtomikosConnectionProxy] - atomikos connection proxy for oracle.jdbc.driver.LogicalConnection@13e4a47: WARNING: transaction manager not running?  
2016-12-09 10:21:07,228 [main] WARN - [c.a.j.AtomikosConnectionProxy] - atomikos connection proxy for oracle.jdbc.driver.LogicalConnection@13e4a47: WARNING: transaction manager not running?  
2016-12-09 10:21:07,230 [main] WARN - [c.a.j.AtomikosConnectionProxy] - atomikos connection proxy for oracle.jdbc.driver.LogicalConnection@13e4a47: WARNING: transaction manager not running?  
2016-12-09 10:21:07,231 [main] WARN - [c.a.j.AtomikosConnectionProxy] - atomikos connection proxy for oracle.jdbc.driver.LogicalConnection@13e4a47: WARNING: transaction manager not running?  
2016-12-09 10:21:07,351 [main] WARN - [c.a.j.AtomikosConnectionProxy] - atomikos connection proxy for oracle.jdbc.driver.LogicalConnection@13e4a47: WARNING: transaction manager not running?  
2016-12-09 10:21:08,133 [main] WARN - [c.a.i.c.UserTransactionServiceImp] - No properties path set - looking for transactions.properties in classpath...  
2016-12-09 10:21:08,134 [main] WARN - [c.a.i.c.UserTransactionServiceImp] - Using init file: /C:/workspace2/Phoenix/PhoenixCopyManager/PhoenixDocumentManagementDomain/PhoenixOrion/target/test-classes/transactions.properties  
2016-12-09 10:21:09,165 [main] INFO - [o.s.t.j.JtaTransactionManager] - Using JTA UserTransaction: com.atomikos.icatch.jta.UserTransactionManager@1d88229  
2016-12-09 10:21:09,166 [main] INFO - [o.s.t.j.JtaTransactionManager] - Using JTA TransactionManager: com.atomikos.icatch.jta.UserTransactionManager@1d88229  
2016-12-09 10:21:09,616 [main] WARN - [o.s.a.f.CglibAopProxy] - Unable to proxy method [public final void org.springframework.test.context.junit4.AbstractJUnit4SpringContextTests.setApplicationContext(org.springframework.context.ApplicationContext)] because it is final: All calls to this method via a proxy will NOT be routed to the target instance.  
2016-12-09 10:21:09,669 [main] INFO - [o.s.t.c.t.TransactionContext] - Began transaction (1) for test context [DefaultTestContext@12d7958 testClass = OrionDocumentRepositoryIntegrationTest, testInstance = com.volvo.phoenix.orion.repository.OrionDocumentRepositoryIntegrationTest@79b44d, testMethod = shouldFindComponentsByDocumentId@OrionDocumentRepositoryIntegrationTest, testException = [null], mergedContextConfiguration = [MergedContextConfiguration@2c31a1 testClass = OrionDocumentRepositoryIntegrationTest, locations = '{}', classes = '{class com.volvo.jvs.test.AbstractTestCase$Config}', contextInitializerClasses = '[]', activeProfiles = '{junit}', propertySourceLocations = '{}', propertySourceProperties = '{}', contextLoader = 'org.springframework.test.context.support.DelegatingSmartContextLoader', parent = [null]]]; transaction manager [org.springframework.transaction.jta.JtaTransactionManager@16e463e]; rollback [true]  
2016-12-09 10:21:12,541 [main] INFO - [o.s.t.c.t.TransactionContext] - Rolled back transaction for test context [DefaultTestContext@12d7958 testClass = OrionDocumentRepositoryIntegrationTest, testInstance = com.volvo.phoenix.orion.repository.OrionDocumentRepositoryIntegrationTest@79b44d, testMethod = shouldFindComponentsByDocumentId@OrionDocumentRepositoryIntegrationTest, testException = [null], mergedContextConfiguration = [MergedContextConfiguration@2c31a1 testClass = OrionDocumentRepositoryIntegrationTest, locations = '{}', classes = '{class com.volvo.jvs.test.AbstractTestCase$Config}', contextInitializerClasses = '[]', activeProfiles = '{junit}', propertySourceLocations = '{}', propertySourceProperties = '{}', contextLoader = 'org.springframework.test.context.support.DelegatingSmartContextLoader', parent = [null]]].  
2016-12-09 10:21:12,550 [main] INFO - [o.s.t.c.t.TransactionContext] - Began transaction (1) for test context [DefaultTestContext@12d7958 testClass = OrionDocumentRepositoryIntegrationTest, testInstance = com.volvo.phoenix.orion.repository.OrionDocumentRepositoryIntegrationTest@115146f, testMethod = shouldFindDocumentNameByDocumentId@OrionDocumentRepositoryIntegrationTest, testException = [null], mergedContextConfiguration = [MergedContextConfiguration@2c31a1 testClass = OrionDocumentRepositoryIntegrationTest, locations = '{}', classes = '{class com.volvo.jvs.test.AbstractTestCase$Config}', contextInitializerClasses = '[]', activeProfiles = '{junit}', propertySourceLocations = '{}', propertySourceProperties = '{}', contextLoader = 'org.springframework.test.context.support.DelegatingSmartContextLoader', parent = [null]]]; transaction manager [org.springframework.transaction.jta.JtaTransactionManager@16e463e]; rollback [true]  
2016-12-09 10:21:14,071 [main] INFO - [o.s.t.c.t.TransactionContext] - Rolled back transaction for test context [DefaultTestContext@12d7958 testClass = OrionDocumentRepositoryIntegrationTest, testInstance = com.volvo.phoenix.orion.repository.OrionDocumentRepositoryIntegrationTest@115146f, testMethod = shouldFindDocumentNameByDocumentId@OrionDocumentRepositoryIntegrationTest, testException = [null], mergedContextConfiguration = [MergedContextConfiguration@2c31a1 testClass = OrionDocumentRepositoryIntegrationTest, locations = '{}', classes = '{class com.volvo.jvs.test.AbstractTestCase$Config}', contextInitializerClasses = '[]', activeProfiles = '{junit}', propertySourceLocations = '{}', propertySourceProperties = '{}', contextLoader = 'org.springframework.test.context.support.DelegatingSmartContextLoader', parent = [null]]].  
2016-12-09 10:21:14,073 [main] INFO - [o.s.t.c.t.TransactionContext] - Began transaction (1) for test context [DefaultTestContext@12d7958 testClass = OrionDocumentRepositoryIntegrationTest, testInstance = com.volvo.phoenix.orion.repository.OrionDocumentRepositoryIntegrationTest@b50d3d, testMethod = shouldFindLatestDocumentVersion@OrionDocumentRepositoryIntegrationTest, testException = [null], mergedContextConfiguration = [MergedContextConfiguration@2c31a1 testClass = OrionDocumentRepositoryIntegrationTest, locations = '{}', classes = '{class com.volvo.jvs.test.AbstractTestCase$Config}', contextInitializerClasses = '[]', activeProfiles = '{junit}', propertySourceLocations = '{}', propertySourceProperties = '{}', contextLoader = 'org.springframework.test.context.support.DelegatingSmartContextLoader', parent = [null]]]; transaction manager [org.springframework.transaction.jta.JtaTransactionManager@16e463e]; rollback [true]  
2016-12-09 10:21:17,035 [main] INFO - [o.s.t.c.t.TransactionContext] - Rolled back transaction for test context [DefaultTestContext@12d7958 testClass = OrionDocumentRepositoryIntegrationTest, testInstance = com.volvo.phoenix.orion.repository.OrionDocumentRepositoryIntegrationTest@b50d3d, testMethod = shouldFindLatestDocumentVersion@OrionDocumentRepositoryIntegrationTest, testException = [null], mergedContextConfiguration = [MergedContextConfiguration@2c31a1 testClass = OrionDocumentRepositoryIntegrationTest, locations = '{}', classes = '{class com.volvo.jvs.test.AbstractTestCase$Config}', contextInitializerClasses = '[]', activeProfiles = '{junit}', propertySourceLocations = '{}', propertySourceProperties = '{}', contextLoader = 'org.springframework.test.context.support.DelegatingSmartContextLoader', parent = [null]]].  
2016-12-09 10:21:17,040 [main] INFO - [o.s.t.c.t.TransactionContext] - Began transaction (1) for test context [DefaultTestContext@12d7958 testClass = OrionDocumentRepositoryIntegrationTest, testInstance = com.volvo.phoenix.orion.repository.OrionDocumentRepositoryIntegrationTest@136d4, testMethod = shouldCreateNewACL@OrionDocumentRepositoryIntegrationTest, testException = [null], mergedContextConfiguration = [MergedContextConfiguration@2c31a1 testClass = OrionDocumentRepositoryIntegrationTest, locations = '{}', classes = '{class com.volvo.jvs.test.AbstractTestCase$Config}', contextInitializerClasses = '[]', activeProfiles = '{junit}', propertySourceLocations = '{}', propertySourceProperties = '{}', contextLoader = 'org.springframework.test.context.support.DelegatingSmartContextLoader', parent = [null]]]; transaction manager [org.springframework.transaction.jta.JtaTransactionManager@16e463e]; rollback [true]  
2016-12-09 10:21:18,492 [main] INFO - [o.s.t.c.t.TransactionContext] - Rolled back transaction for test context [DefaultTestContext@12d7958 testClass = OrionDocumentRepositoryIntegrationTest, testInstance = com.volvo.phoenix.orion.repository.OrionDocumentRepositoryIntegrationTest@136d4, testMethod = shouldCreateNewACL@OrionDocumentRepositoryIntegrationTest, testException = [null], mergedContextConfiguration = [MergedContextConfiguration@2c31a1 testClass = OrionDocumentRepositoryIntegrationTest, locations = '{}', classes = '{class com.volvo.jvs.test.AbstractTestCase$Config}', contextInitializerClasses = '[]', activeProfiles = '{junit}', propertySourceLocations = '{}', propertySourceProperties = '{}', contextLoader = 'org.springframework.test.context.support.DelegatingSmartContextLoader', parent = [null]]].  
2016-12-09 10:21:18,495 [main] INFO - [o.s.c.s.GenericApplicationContext] - Closing org.springframework.context.support.GenericApplicationContext@8ae431: startup date [Fri Dec 09 10:21:04 CET 2016]; root of context hierarchy  
2016-12-09 10:21:18,570 [main] INFO - [o.s.o.j.LocalContainerEntityManagerFactoryBean] - Closing JPA EntityManagerFactory for persistence unit 'PhoenixOrionPU'  
2016-12-09 10:21:18,633 [main] INFO - [o.s.t.c.s.AbstractContextLoader] - Could not detect default resource locations for test class [com.volvo.jvs.test.AbstractTestCase]: no resource found for suffixes {-context.xml, Context.groovy}.  
2016-12-09 10:21:18,633 [main] INFO - [o.s.t.c.s.AbstractDelegatingSmartContextLoader] - AnnotationConfigContextLoader detected default configuration classes for context configuration [ContextConfigurationAttributes@f77e7e declaringClass = 'com.volvo.jvs.test.AbstractTestCase', classes = '{class com.volvo.jvs.test.AbstractTestCase$Config}', locations = '{}', inheritLocations = true, initializers = '{}', inheritInitializers = true, name = [null], contextLoaderClass = 'org.springframework.test.context.ContextLoader'].  
2016-12-09 10:21:18,634 [main] INFO - [o.s.t.c.s.DefaultTestContextBootstrapper] - Using TestExecutionListeners: [org.springframework.test.context.web.ServletTestExecutionListener@91adc6, org.springframework.test.context.support.DependencyInjectionTestExecutionListener@27c555, org.springframework.test.context.support.DirtiesContextTestExecutionListener@10c6c40, org.springframework.test.context.transaction.TransactionalTestExecutionListener@96fc09]  
2016-12-09 10:21:18,636 [main] INFO - [o.s.c.s.GenericApplicationContext] - Refreshing org.springframework.context.support.GenericApplicationContext@7cc9bd: startup date [Fri Dec 09 10:21:18 CET 2016]; root of context hierarchy  
2016-12-09 10:21:18,644 [main] INFO - [o.s.b.f.x.XmlBeanDefinitionReader] - Loading XML bean definitions from class path resource [applicationContext.xml]  
2016-12-09 10:21:18,644 [main] INFO - [o.s.b.f.x.XmlBeanDefinitionReader] - Loading XML bean definitions from class path resource [applicationContext.xml]  
2016-12-09 10:21:18,659 [main] INFO - [o.s.b.f.x.XmlBeanDefinitionReader] - Loading XML bean definitions from class path resource [dataSources.xml]  
2016-12-09 10:21:18,659 [main] INFO - [o.s.b.f.x.XmlBeanDefinitionReader] - Loading XML bean definitions from class path resource [dataSources.xml]  
2016-12-09 10:21:18,681 [main] INFO - [o.s.b.f.x.XmlBeanDefinitionReader] - Loading XML bean definitions from class path resource [txManager.xml]  
2016-12-09 10:21:18,681 [main] INFO - [o.s.b.f.x.XmlBeanDefinitionReader] - Loading XML bean definitions from class path resource [txManager.xml]  
2016-12-09 10:21:18,692 [main] INFO - [o.s.b.f.x.XmlBeanDefinitionReader] - Loading XML bean definitions from class path resource [jpa.xml]  
2016-12-09 10:21:18,692 [main] INFO - [o.s.b.f.x.XmlBeanDefinitionReader] - Loading XML bean definitions from class path resource [jpa.xml]  
2016-12-09 10:21:18,706 [main] INFO - [o.s.b.f.x.XmlBeanDefinitionReader] - Loading XML bean definitions from URL [file:/C:/workspace2/Phoenix/PhoenixCopyManager/PhoenixDocumentManagementDomain/PhoenixOrion/target/test-classes/META-INF/componentContext.xml]  
2016-12-09 10:21:18,706 [main] INFO - [o.s.b.f.x.XmlBeanDefinitionReader] - Loading XML bean definitions from URL [file:/C:/workspace2/Phoenix/PhoenixCopyManager/PhoenixDocumentManagementDomain/PhoenixOrion/target/test-classes/META-INF/componentContext.xml]  
2016-12-09 10:21:18,739 [main] INFO - [o.s.b.f.x.XmlBeanDefinitionReader] - Loading XML bean definitions from URL [file:/C:/workspace2/Phoenix/PhoenixCopyManager/PhoenixDocumentManagementDomain/PhoenixOrion/target/classes/META-INF/componentContext.xml]  
2016-12-09 10:21:18,739 [main] INFO - [o.s.b.f.x.XmlBeanDefinitionReader] - Loading XML bean definitions from URL [file:/C:/workspace2/Phoenix/PhoenixCopyManager/PhoenixDocumentManagementDomain/PhoenixOrion/target/classes/META-INF/componentContext.xml]  
2016-12-09 10:21:18,846 [main] INFO - [o.s.c.s.PropertySourcesPlaceholderConfigurer] - Loading properties file from class path resource [dataSources.properties]  
2016-12-09 10:21:18,848 [main] INFO - [o.s.c.s.PropertySourcesPlaceholderConfigurer] - Loading properties file from class path resource [dataSources.properties]  
2016-12-09 10:21:18,852 [main] INFO - [o.s.b.f.a.AutowiredAnnotationBeanPostProcessor] - JSR-330 'javax.inject.Inject' annotation found and supported for autowiring  
2016-12-09 10:21:18,859 [main] WARN - [c.a.j.AbstractDataSourceBean] - AtomikosDataSoureBean 'DataSource_Resource': poolSize equals default - this may cause performance problems!  
2016-12-09 10:21:19,457 [main] INFO - [o.s.o.j.LocalContainerEntityManagerFactoryBean] - Building JPA container EntityManagerFactory for persistence unit 'PhoenixOrionPU'  
2016-12-09 10:21:19,487 [main] WARN - [c.a.j.AtomikosConnectionProxy] - atomikos connection proxy for oracle.jdbc.driver.LogicalConnection@206337: WARNING: transaction manager not running?  
2016-12-09 10:21:19,746 [main] WARN - [c.a.j.AtomikosConnectionProxy] - atomikos connection proxy for oracle.jdbc.driver.LogicalConnection@206337: WARNING: transaction manager not running?  
2016-12-09 10:21:19,747 [main] WARN - [c.a.j.AtomikosConnectionProxy] - atomikos connection proxy for oracle.jdbc.driver.LogicalConnection@206337: WARNING: transaction manager not running?  
2016-12-09 10:21:19,748 [main] WARN - [c.a.j.AtomikosConnectionProxy] - atomikos connection proxy for oracle.jdbc.driver.LogicalConnection@206337: WARNING: transaction manager not running?  
2016-12-09 10:21:19,869 [main] WARN - [c.a.j.AtomikosConnectionProxy] - atomikos connection proxy for oracle.jdbc.driver.LogicalConnection@206337: WARNING: transaction manager not running?  
2016-12-09 10:21:19,949 [main] WARN - [c.a.i.c.UserTransactionServiceImp] - No properties path set - looking for transactions.properties in classpath...  
2016-12-09 10:21:19,950 [main] WARN - [c.a.i.c.UserTransactionServiceImp] - Using init file: /C:/workspace2/Phoenix/PhoenixCopyManager/PhoenixDocumentManagementDomain/PhoenixOrion/target/test-classes/transactions.properties  
2016-12-09 10:21:20,960 [main] INFO - [o.s.t.j.JtaTransactionManager] - Using JTA UserTransaction: com.atomikos.icatch.jta.UserTransactionManager@1c9c1bc  
2016-12-09 10:21:20,961 [main] INFO - [o.s.t.j.JtaTransactionManager] - Using JTA TransactionManager: com.atomikos.icatch.jta.UserTransactionManager@1c9c1bc  
2016-12-09 10:21:21,069 [main] WARN - [o.s.a.f.CglibAopProxy] - Unable to proxy method [public final void org.springframework.test.context.junit4.AbstractJUnit4SpringContextTests.setApplicationContext(org.springframework.context.ApplicationContext)] because it is final: All calls to this method via a proxy will NOT be routed to the target instance.  
2016-12-09 10:21:21,078 [main] INFO - [o.s.t.c.t.TransactionContext] - Began transaction (1) for test context [DefaultTestContext@1975a08 testClass = OrionGroupRepositoryIntegrationTest, testInstance = com.volvo.phoenix.orion.repository.OrionGroupRepositoryIntegrationTest@197ca30, testMethod = testFindByUsernameIgnoreCase@OrionGroupRepositoryIntegrationTest, testException = [null], mergedContextConfiguration = [MergedContextConfiguration@5b3c15 testClass = OrionGroupRepositoryIntegrationTest, locations = '{}', classes = '{class com.volvo.jvs.test.AbstractTestCase$Config}', contextInitializerClasses = '[]', activeProfiles = '{junit}', propertySourceLocations = '{}', propertySourceProperties = '{}', contextLoader = 'org.springframework.test.context.support.DelegatingSmartContextLoader', parent = [null]]]; transaction manager [org.springframework.transaction.jta.JtaTransactionManager@1c5b50b]; rollback [true]  
2016-12-09 10:21:22,637 [main] INFO - [o.s.t.c.t.TransactionContext] - Rolled back transaction for test context [DefaultTestContext@1975a08 testClass = OrionGroupRepositoryIntegrationTest, testInstance = com.volvo.phoenix.orion.repository.OrionGroupRepositoryIntegrationTest@197ca30, testMethod = testFindByUsernameIgnoreCase@OrionGroupRepositoryIntegrationTest, testException = [null], mergedContextConfiguration = [MergedContextConfiguration@5b3c15 testClass = OrionGroupRepositoryIntegrationTest, locations = '{}', classes = '{class com.volvo.jvs.test.AbstractTestCase$Config}', contextInitializerClasses = '[]', activeProfiles = '{junit}', propertySourceLocations = '{}', propertySourceProperties = '{}', contextLoader = 'org.springframework.test.context.support.DelegatingSmartContextLoader', parent = [null]]].  
2016-12-09 10:21:22,639 [main] INFO - [o.s.c.s.GenericApplicationContext] - Closing org.springframework.context.support.GenericApplicationContext@7cc9bd: startup date [Fri Dec 09 10:21:18 CET 2016]; root of context hierarchy  
2016-12-09 10:21:22,721 [main] INFO - [o.s.o.j.LocalContainerEntityManagerFactoryBean] - Closing JPA EntityManagerFactory for persistence unit 'PhoenixOrionPU'  
2016-12-09 10:21:22,782 [main] INFO - [o.s.t.c.s.AbstractContextLoader] - Could not detect default resource locations for test class [com.volvo.jvs.test.AbstractTestCase]: no resource found for suffixes {-context.xml, Context.groovy}.  
2016-12-09 10:21:22,782 [main] INFO - [o.s.t.c.s.AbstractDelegatingSmartContextLoader] - AnnotationConfigContextLoader detected default configuration classes for context configuration [ContextConfigurationAttributes@de2fa0 declaringClass = 'com.volvo.jvs.test.AbstractTestCase', classes = '{class com.volvo.jvs.test.AbstractTestCase$Config}', locations = '{}', inheritLocations = true, initializers = '{}', inheritInitializers = true, name = [null], contextLoaderClass = 'org.springframework.test.context.ContextLoader'].  
2016-12-09 10:21:22,783 [main] INFO - [o.s.t.c.s.DefaultTestContextBootstrapper] - Using TestExecutionListeners: [org.springframework.test.context.web.ServletTestExecutionListener@108c342, org.springframework.test.context.support.DependencyInjectionTestExecutionListener@4b3719, org.springframework.test.context.support.DirtiesContextTestExecutionListener@e8b15, org.springframework.test.context.transaction.TransactionalTestExecutionListener@cd4f54]  
2016-12-09 10:21:22,785 [main] INFO - [o.s.c.s.GenericApplicationContext] - Refreshing org.springframework.context.support.GenericApplicationContext@1132398: startup date [Fri Dec 09 10:21:22 CET 2016]; root of context hierarchy  
2016-12-09 10:21:22,790 [main] INFO - [o.s.b.f.x.XmlBeanDefinitionReader] - Loading XML bean definitions from class path resource [applicationContext.xml]  
2016-12-09 10:21:22,790 [main] INFO - [o.s.b.f.x.XmlBeanDefinitionReader] - Loading XML bean definitions from class path resource [applicationContext.xml]  
2016-12-09 10:21:22,806 [main] INFO - [o.s.b.f.x.XmlBeanDefinitionReader] - Loading XML bean definitions from class path resource [dataSources.xml]  
2016-12-09 10:21:22,806 [main] INFO - [o.s.b.f.x.XmlBeanDefinitionReader] - Loading XML bean definitions from class path resource [dataSources.xml]  
2016-12-09 10:21:22,819 [main] INFO - [o.s.b.f.x.XmlBeanDefinitionReader] - Loading XML bean definitions from class path resource [txManager.xml]  
2016-12-09 10:21:22,819 [main] INFO - [o.s.b.f.x.XmlBeanDefinitionReader] - Loading XML bean definitions from class path resource [txManager.xml]  
2016-12-09 10:21:22,829 [main] INFO - [o.s.b.f.x.XmlBeanDefinitionReader] - Loading XML bean definitions from class path resource [jpa.xml]  
2016-12-09 10:21:22,829 [main] INFO - [o.s.b.f.x.XmlBeanDefinitionReader] - Loading XML bean definitions from class path resource [jpa.xml]  
2016-12-09 10:21:22,843 [main] INFO - [o.s.b.f.x.XmlBeanDefinitionReader] - Loading XML bean definitions from URL [file:/C:/workspace2/Phoenix/PhoenixCopyManager/PhoenixDocumentManagementDomain/PhoenixOrion/target/test-classes/META-INF/componentContext.xml]  
2016-12-09 10:21:22,843 [main] INFO - [o.s.b.f.x.XmlBeanDefinitionReader] - Loading XML bean definitions from URL [file:/C:/workspace2/Phoenix/PhoenixCopyManager/PhoenixDocumentManagementDomain/PhoenixOrion/target/test-classes/META-INF/componentContext.xml]  
2016-12-09 10:21:22,880 [main] INFO - [o.s.b.f.x.XmlBeanDefinitionReader] - Loading XML bean definitions from URL [file:/C:/workspace2/Phoenix/PhoenixCopyManager/PhoenixDocumentManagementDomain/PhoenixOrion/target/classes/META-INF/componentContext.xml]  
2016-12-09 10:21:22,880 [main] INFO - [o.s.b.f.x.XmlBeanDefinitionReader] - Loading XML bean definitions from URL [file:/C:/workspace2/Phoenix/PhoenixCopyManager/PhoenixDocumentManagementDomain/PhoenixOrion/target/classes/META-INF/componentContext.xml]  
2016-12-09 10:21:22,978 [main] INFO - [o.s.c.s.PropertySourcesPlaceholderConfigurer] - Loading properties file from class path resource [dataSources.properties]  
2016-12-09 10:21:22,980 [main] INFO - [o.s.c.s.PropertySourcesPlaceholderConfigurer] - Loading properties file from class path resource [dataSources.properties]  
2016-12-09 10:21:22,982 [main] INFO - [o.s.b.f.a.AutowiredAnnotationBeanPostProcessor] - JSR-330 'javax.inject.Inject' annotation found and supported for autowiring  
2016-12-09 10:21:22,989 [main] WARN - [c.a.j.AbstractDataSourceBean] - AtomikosDataSoureBean 'DataSource_Resource': poolSize equals default - this may cause performance problems!  
2016-12-09 10:21:23,653 [main] INFO - [o.s.o.j.LocalContainerEntityManagerFactoryBean] - Building JPA container EntityManagerFactory for persistence unit 'PhoenixOrionPU'  
2016-12-09 10:21:23,697 [main] WARN - [c.a.j.AtomikosConnectionProxy] - atomikos connection proxy for oracle.jdbc.driver.LogicalConnection@17ffd81: WARNING: transaction manager not running?  
2016-12-09 10:21:23,956 [main] WARN - [c.a.j.AtomikosConnectionProxy] - atomikos connection proxy for oracle.jdbc.driver.LogicalConnection@17ffd81: WARNING: transaction manager not running?  
2016-12-09 10:21:23,957 [main] WARN - [c.a.j.AtomikosConnectionProxy] - atomikos connection proxy for oracle.jdbc.driver.LogicalConnection@17ffd81: WARNING: transaction manager not running?  
2016-12-09 10:21:23,958 [main] WARN - [c.a.j.AtomikosConnectionProxy] - atomikos connection proxy for oracle.jdbc.driver.LogicalConnection@17ffd81: WARNING: transaction manager not running?  
2016-12-09 10:21:24,081 [main] WARN - [c.a.j.AtomikosConnectionProxy] - atomikos connection proxy for oracle.jdbc.driver.LogicalConnection@17ffd81: WARNING: transaction manager not running?  
2016-12-09 10:21:24,135 [main] WARN - [c.a.i.c.UserTransactionServiceImp] - No properties path set - looking for transactions.properties in classpath...  
2016-12-09 10:21:24,136 [main] WARN - [c.a.i.c.UserTransactionServiceImp] - Using init file: /C:/workspace2/Phoenix/PhoenixCopyManager/PhoenixDocumentManagementDomain/PhoenixOrion/target/test-classes/transactions.properties  
2016-12-09 10:21:25,095 [main] INFO - [o.s.t.j.JtaTransactionManager] - Using JTA UserTransaction: com.atomikos.icatch.jta.UserTransactionManager@16fadb  
2016-12-09 10:21:25,096 [main] INFO - [o.s.t.j.JtaTransactionManager] - Using JTA TransactionManager: com.atomikos.icatch.jta.UserTransactionManager@16fadb  
2016-12-09 10:21:25,197 [main] WARN - [o.s.a.f.CglibAopProxy] - Unable to proxy method [public final void org.springframework.test.context.junit4.AbstractJUnit4SpringContextTests.setApplicationContext(org.springframework.context.ApplicationContext)] because it is final: All calls to this method via a proxy will NOT be routed to the target instance.  
2016-12-09 10:21:25,205 [main] INFO - [o.s.t.c.t.TransactionContext] - Began transaction (1) for test context [DefaultTestContext@160e324 testClass = OrionSecurityServiceIntegrationTest, testInstance = com.volvo.phoenix.orion.service.impl.OrionSecurityServiceIntegrationTest@1e05e86, testMethod = shouldFindACLAdministrators@OrionSecurityServiceIntegrationTest, testException = [null], mergedContextConfiguration = [MergedContextConfiguration@15debdf testClass = OrionSecurityServiceIntegrationTest, locations = '{}', classes = '{class com.volvo.jvs.test.AbstractTestCase$Config}', contextInitializerClasses = '[]', activeProfiles = '{junit}', propertySourceLocations = '{}', propertySourceProperties = '{}', contextLoader = 'org.springframework.test.context.support.DelegatingSmartContextLoader', parent = [null]]]; transaction manager [org.springframework.transaction.jta.JtaTransactionManager@128ad5c]; rollback [true]  
2016-12-09 10:21:26,844 [main] INFO - [o.s.t.c.t.TransactionContext] - Rolled back transaction for test context [DefaultTestContext@160e324 testClass = OrionSecurityServiceIntegrationTest, testInstance = com.volvo.phoenix.orion.service.impl.OrionSecurityServiceIntegrationTest@1e05e86, testMethod = shouldFindACLAdministrators@OrionSecurityServiceIntegrationTest, testException = [null], mergedContextConfiguration = [MergedContextConfiguration@15debdf testClass = OrionSecurityServiceIntegrationTest, locations = '{}', classes = '{class com.volvo.jvs.test.AbstractTestCase$Config}', contextInitializerClasses = '[]', activeProfiles = '{junit}', propertySourceLocations = '{}', propertySourceProperties = '{}', contextLoader = 'org.springframework.test.context.support.DelegatingSmartContextLoader', parent = [null]]].  
2016-12-09 10:21:26,845 [main] INFO - [o.s.c.s.GenericApplicationContext] - Closing org.springframework.context.support.GenericApplicationContext@1132398: startup date [Fri Dec 09 10:21:22 CET 2016]; root of context hierarchy  
2016-12-09 10:21:26,922 [main] INFO - [o.s.o.j.LocalContainerEntityManagerFactoryBean] - Closing JPA EntityManagerFactory for persistence unit 'PhoenixOrionPU'  
