2016-11-15 08:08:55,547 [main] INFO - [o.s.t.c.s.AbstractContextLoader] - Could not detect default resource locations for test class [com.volvo.jvs.test.AbstractTestCase]: no resource found for suffixes {-context.xml, Context.groovy}.  
2016-11-15 08:08:55,638 [main] INFO - [o.s.t.c.s.AbstractDelegatingSmartContextLoader] - AnnotationConfigContextLoader detected default configuration classes for context configuration [ContextConfigurationAttributes@13bc54 declaringClass = 'com.volvo.jvs.test.AbstractTestCase', classes = '{class com.volvo.jvs.test.AbstractTestCase$Config}', locations = '{}', inheritLocations = true, initializers = '{}', inheritInitializers = true, name = [null], contextLoaderClass = 'org.springframework.test.context.ContextLoader'].  
2016-11-15 08:08:55,705 [main] INFO - [o.s.t.c.s.DefaultTestContextBootstrapper] - Using TestExecutionListeners: [org.springframework.test.context.web.ServletTestExecutionListener@56e684, org.springframework.test.context.support.DependencyInjectionTestExecutionListener@137fded, org.springframework.test.context.support.DirtiesContextTestExecutionListener@100078c, org.springframework.test.context.transaction.TransactionalTestExecutionListener@ef7efe]  
2016-11-15 08:08:55,912 [main] INFO - [o.s.c.s.GenericApplicationContext] - Refreshing org.springframework.context.support.GenericApplicationContext@32b92c: startup date [Tue Nov 15 08:08:55 CET 2016]; root of context hierarchy  
2016-11-15 08:08:56,075 [main] INFO - [o.s.b.f.x.XmlBeanDefinitionReader] - Loading XML bean definitions from class path resource [applicationContext.xml]  
2016-11-15 08:08:56,075 [main] INFO - [o.s.b.f.x.XmlBeanDefinitionReader] - Loading XML bean definitions from class path resource [applicationContext.xml]  
2016-11-15 08:08:56,387 [main] INFO - [o.s.b.f.x.XmlBeanDefinitionReader] - Loading XML bean definitions from class path resource [dataSources.xml]  
2016-11-15 08:08:56,387 [main] INFO - [o.s.b.f.x.XmlBeanDefinitionReader] - Loading XML bean definitions from class path resource [dataSources.xml]  
2016-11-15 08:08:56,467 [main] INFO - [o.s.b.f.x.XmlBeanDefinitionReader] - Loading XML bean definitions from class path resource [txManager.xml]  
2016-11-15 08:08:56,467 [main] INFO - [o.s.b.f.x.XmlBeanDefinitionReader] - Loading XML bean definitions from class path resource [txManager.xml]  
2016-11-15 08:08:56,513 [main] INFO - [o.s.b.f.x.XmlBeanDefinitionReader] - Loading XML bean definitions from class path resource [jpa.xml]  
2016-11-15 08:08:56,513 [main] INFO - [o.s.b.f.x.XmlBeanDefinitionReader] - Loading XML bean definitions from class path resource [jpa.xml]  
2016-11-15 08:08:56,545 [main] INFO - [o.s.b.f.x.XmlBeanDefinitionReader] - Loading XML bean definitions from URL [file:/C:/workspace2/Phoenix/PhoenixCopyManager/PhoenixDocumentManagementDomain/PhoenixOrion/target/test-classes/META-INF/componentContext.xml]  
2016-11-15 08:08:56,545 [main] INFO - [o.s.b.f.x.XmlBeanDefinitionReader] - Loading XML bean definitions from URL [file:/C:/workspace2/Phoenix/PhoenixCopyManager/PhoenixDocumentManagementDomain/PhoenixOrion/target/test-classes/META-INF/componentContext.xml]  
2016-11-15 08:08:56,626 [main] INFO - [o.s.b.f.x.XmlBeanDefinitionReader] - Loading XML bean definitions from URL [file:/C:/workspace2/Phoenix/PhoenixCopyManager/PhoenixDocumentManagementDomain/PhoenixOrion/target/classes/META-INF/componentContext.xml]  
2016-11-15 08:08:56,626 [main] INFO - [o.s.b.f.x.XmlBeanDefinitionReader] - Loading XML bean definitions from URL [file:/C:/workspace2/Phoenix/PhoenixCopyManager/PhoenixDocumentManagementDomain/PhoenixOrion/target/classes/META-INF/componentContext.xml]  
2016-11-15 08:08:57,074 [main] INFO - [o.s.c.s.PropertySourcesPlaceholderConfigurer] - Loading properties file from class path resource [dataSources.properties]  
2016-11-15 08:08:57,084 [main] INFO - [o.s.c.s.PropertySourcesPlaceholderConfigurer] - Loading properties file from class path resource [dataSources.properties]  
2016-11-15 08:08:57,099 [main] INFO - [o.s.b.f.a.AutowiredAnnotationBeanPostProcessor] - JSR-330 'javax.inject.Inject' annotation found and supported for autowiring  
2016-11-15 08:08:57,270 [main] WARN - [c.a.j.AbstractDataSourceBean] - AtomikosDataSoureBean 'DataSource_Resource': poolSize equals default - this may cause performance problems!  
2016-11-15 08:08:59,101 [main] INFO - [o.s.o.j.LocalContainerEntityManagerFactoryBean] - Building JPA container EntityManagerFactory for persistence unit 'PhoenixOrionPU'  
2016-11-15 08:08:59,694 [main] WARN - [c.a.j.AtomikosConnectionProxy] - atomikos connection proxy for oracle.jdbc.driver.LogicalConnection@d2ca06: WARNING: transaction manager not running?  
2016-11-15 08:09:00,207 [main] WARN - [c.a.j.AtomikosConnectionProxy] - atomikos connection proxy for oracle.jdbc.driver.LogicalConnection@d2ca06: WARNING: transaction manager not running?  
2016-11-15 08:09:00,209 [main] WARN - [c.a.j.AtomikosConnectionProxy] - atomikos connection proxy for oracle.jdbc.driver.LogicalConnection@d2ca06: WARNING: transaction manager not running?  
2016-11-15 08:09:00,209 [main] WARN - [c.a.j.AtomikosConnectionProxy] - atomikos connection proxy for oracle.jdbc.driver.LogicalConnection@d2ca06: WARNING: transaction manager not running?  
2016-11-15 08:09:00,384 [main] WARN - [c.a.j.AtomikosConnectionProxy] - atomikos connection proxy for oracle.jdbc.driver.LogicalConnection@d2ca06: WARNING: transaction manager not running?  
2016-11-15 08:09:01,130 [main] WARN - [c.a.i.c.UserTransactionServiceImp] - No properties path set - looking for transactions.properties in classpath...  
2016-11-15 08:09:01,131 [main] WARN - [c.a.i.c.UserTransactionServiceImp] - Using init file: /C:/workspace2/Phoenix/PhoenixCopyManager/PhoenixDocumentManagementDomain/PhoenixOrion/target/test-classes/transactions.properties  
2016-11-15 08:09:02,456 [main] INFO - [o.s.t.j.JtaTransactionManager] - Using JTA UserTransaction: com.atomikos.icatch.jta.UserTransactionManager@d2af1  
2016-11-15 08:09:02,456 [main] INFO - [o.s.t.j.JtaTransactionManager] - Using JTA TransactionManager: com.atomikos.icatch.jta.UserTransactionManager@d2af1  
2016-11-15 08:09:03,061 [main] WARN - [o.s.a.f.CglibAopProxy] - Unable to proxy method [public final void org.springframework.test.context.junit4.AbstractJUnit4SpringContextTests.setApplicationContext(org.springframework.context.ApplicationContext)] because it is final: All calls to this method via a proxy will NOT be routed to the target instance.  
2016-11-15 08:09:03,124 [main] INFO - [o.s.t.c.t.TransactionContext] - Began transaction (1) for test context [DefaultTestContext@bf48c2 testClass = OrionUserRepositoryTest, testInstance = com.volvo.phoenix.orion.repository.OrionUserRepositoryTest@41ca60, testMethod = testFindByUsernameIgnoreCase@OrionUserRepositoryTest, testException = [null], mergedContextConfiguration = [MergedContextConfiguration@14d8388 testClass = OrionUserRepositoryTest, locations = '{}', classes = '{class com.volvo.jvs.test.AbstractTestCase$Config}', contextInitializerClasses = '[]', activeProfiles = '{junit}', propertySourceLocations = '{}', propertySourceProperties = '{}', contextLoader = 'org.springframework.test.context.support.DelegatingSmartContextLoader', parent = [null]]]; transaction manager [org.springframework.transaction.jta.JtaTransactionManager@1f65769]; rollback [true]  
2016-11-15 08:09:03,804 [main] INFO - [o.s.t.c.t.TransactionContext] - Rolled back transaction for test context [DefaultTestContext@bf48c2 testClass = OrionUserRepositoryTest, testInstance = com.volvo.phoenix.orion.repository.OrionUserRepositoryTest@41ca60, testMethod = testFindByUsernameIgnoreCase@OrionUserRepositoryTest, testException = [null], mergedContextConfiguration = [MergedContextConfiguration@14d8388 testClass = OrionUserRepositoryTest, locations = '{}', classes = '{class com.volvo.jvs.test.AbstractTestCase$Config}', contextInitializerClasses = '[]', activeProfiles = '{junit}', propertySourceLocations = '{}', propertySourceProperties = '{}', contextLoader = 'org.springframework.test.context.support.DelegatingSmartContextLoader', parent = [null]]].  
2016-11-15 08:09:03,808 [main] INFO - [o.s.c.s.GenericApplicationContext] - Closing org.springframework.context.support.GenericApplicationContext@32b92c: startup date [Tue Nov 15 08:08:55 CET 2016]; root of context hierarchy  
2016-11-15 08:09:03,888 [main] INFO - [o.s.o.j.LocalContainerEntityManagerFactoryBean] - Closing JPA EntityManagerFactory for persistence unit 'PhoenixOrionPU'  
2016-11-15 08:09:04,805 [main] INFO - [o.s.t.c.s.AbstractContextLoader] - Could not detect default resource locations for test class [com.volvo.jvs.test.AbstractTestCase]: no resource found for suffixes {-context.xml, Context.groovy}.  
2016-11-15 08:09:04,814 [main] INFO - [o.s.t.c.s.AbstractDelegatingSmartContextLoader] - AnnotationConfigContextLoader detected default configuration classes for context configuration [ContextConfigurationAttributes@9fb8b6 declaringClass = 'com.volvo.jvs.test.AbstractTestCase', classes = '{class com.volvo.jvs.test.AbstractTestCase$Config}', locations = '{}', inheritLocations = true, initializers = '{}', inheritInitializers = true, name = [null], contextLoaderClass = 'org.springframework.test.context.ContextLoader'].  
2016-11-15 08:09:04,848 [main] INFO - [o.s.t.c.s.DefaultTestContextBootstrapper] - Using TestExecutionListeners: [org.springframework.test.context.web.ServletTestExecutionListener@14fd510, org.springframework.test.context.support.DependencyInjectionTestExecutionListener@2d0e1c, org.springframework.test.context.support.DirtiesContextTestExecutionListener@1f960c4, org.springframework.test.context.transaction.TransactionalTestExecutionListener@1401c44]  
2016-11-15 08:09:05,010 [main] INFO - [o.s.c.s.GenericApplicationContext] - Refreshing org.springframework.context.support.GenericApplicationContext@8b88bd: startup date [Tue Nov 15 08:09:05 CET 2016]; root of context hierarchy  
2016-11-15 08:09:05,114 [main] INFO - [o.s.b.f.x.XmlBeanDefinitionReader] - Loading XML bean definitions from class path resource [applicationContext.xml]  
2016-11-15 08:09:05,114 [main] INFO - [o.s.b.f.x.XmlBeanDefinitionReader] - Loading XML bean definitions from class path resource [applicationContext.xml]  
2016-11-15 08:09:05,203 [main] INFO - [o.s.b.f.x.XmlBeanDefinitionReader] - Loading XML bean definitions from class path resource [dataSources.xml]  
2016-11-15 08:09:05,203 [main] INFO - [o.s.b.f.x.XmlBeanDefinitionReader] - Loading XML bean definitions from class path resource [dataSources.xml]  
2016-11-15 08:09:05,262 [main] INFO - [o.s.b.f.x.XmlBeanDefinitionReader] - Loading XML bean definitions from class path resource [txManager.xml]  
2016-11-15 08:09:05,262 [main] INFO - [o.s.b.f.x.XmlBeanDefinitionReader] - Loading XML bean definitions from class path resource [txManager.xml]  
2016-11-15 08:09:05,311 [main] INFO - [o.s.b.f.x.XmlBeanDefinitionReader] - Loading XML bean definitions from class path resource [jpa.xml]  
2016-11-15 08:09:05,311 [main] INFO - [o.s.b.f.x.XmlBeanDefinitionReader] - Loading XML bean definitions from class path resource [jpa.xml]  
2016-11-15 08:09:05,353 [main] INFO - [o.s.b.f.x.XmlBeanDefinitionReader] - Loading XML bean definitions from URL [file:/C:/workspace2/Phoenix/PhoenixCopyManager/PhoenixDocumentManagementDomain/PhoenixOrion/target/test-classes/META-INF/componentContext.xml]  
2016-11-15 08:09:05,353 [main] INFO - [o.s.b.f.x.XmlBeanDefinitionReader] - Loading XML bean definitions from URL [file:/C:/workspace2/Phoenix/PhoenixCopyManager/PhoenixDocumentManagementDomain/PhoenixOrion/target/test-classes/META-INF/componentContext.xml]  
2016-11-15 08:09:05,444 [main] INFO - [o.s.b.f.x.XmlBeanDefinitionReader] - Loading XML bean definitions from URL [file:/C:/workspace2/Phoenix/PhoenixCopyManager/PhoenixDocumentManagementDomain/PhoenixOrion/target/classes/META-INF/componentContext.xml]  
2016-11-15 08:09:05,444 [main] INFO - [o.s.b.f.x.XmlBeanDefinitionReader] - Loading XML bean definitions from URL [file:/C:/workspace2/Phoenix/PhoenixCopyManager/PhoenixDocumentManagementDomain/PhoenixOrion/target/classes/META-INF/componentContext.xml]  
2016-11-15 08:09:05,838 [main] INFO - [o.s.c.s.PropertySourcesPlaceholderConfigurer] - Loading properties file from class path resource [dataSources.properties]  
2016-11-15 08:09:05,845 [main] INFO - [o.s.c.s.PropertySourcesPlaceholderConfigurer] - Loading properties file from class path resource [dataSources.properties]  
2016-11-15 08:09:05,859 [main] INFO - [o.s.b.f.a.AutowiredAnnotationBeanPostProcessor] - JSR-330 'javax.inject.Inject' annotation found and supported for autowiring  
2016-11-15 08:09:05,998 [main] WARN - [c.a.j.AbstractDataSourceBean] - AtomikosDataSoureBean 'DataSource_Resource': poolSize equals default - this may cause performance problems!  
2016-11-15 08:09:07,772 [main] INFO - [o.s.o.j.LocalContainerEntityManagerFactoryBean] - Building JPA container EntityManagerFactory for persistence unit 'PhoenixOrionPU'  
2016-11-15 08:09:08,380 [main] WARN - [c.a.j.AtomikosConnectionProxy] - atomikos connection proxy for oracle.jdbc.driver.LogicalConnection@17af7e: WARNING: transaction manager not running?  
2016-11-15 08:09:08,907 [main] WARN - [c.a.j.AtomikosConnectionProxy] - atomikos connection proxy for oracle.jdbc.driver.LogicalConnection@17af7e: WARNING: transaction manager not running?  
2016-11-15 08:09:08,910 [main] WARN - [c.a.j.AtomikosConnectionProxy] - atomikos connection proxy for oracle.jdbc.driver.LogicalConnection@17af7e: WARNING: transaction manager not running?  
2016-11-15 08:09:08,910 [main] WARN - [c.a.j.AtomikosConnectionProxy] - atomikos connection proxy for oracle.jdbc.driver.LogicalConnection@17af7e: WARNING: transaction manager not running?  
2016-11-15 08:09:09,064 [main] WARN - [c.a.j.AtomikosConnectionProxy] - atomikos connection proxy for oracle.jdbc.driver.LogicalConnection@17af7e: WARNING: transaction manager not running?  
2016-11-15 08:09:09,806 [main] WARN - [c.a.i.c.UserTransactionServiceImp] - No properties path set - looking for transactions.properties in classpath...  
2016-11-15 08:09:09,807 [main] WARN - [c.a.i.c.UserTransactionServiceImp] - Using init file: /C:/workspace2/Phoenix/PhoenixCopyManager/PhoenixDocumentManagementDomain/PhoenixOrion/target/test-classes/transactions.properties  
2016-11-15 08:09:11,073 [main] INFO - [o.s.t.j.JtaTransactionManager] - Using JTA UserTransaction: com.atomikos.icatch.jta.UserTransactionManager@8b2f19  
2016-11-15 08:09:11,074 [main] INFO - [o.s.t.j.JtaTransactionManager] - Using JTA TransactionManager: com.atomikos.icatch.jta.UserTransactionManager@8b2f19  
2016-11-15 08:09:11,544 [main] WARN - [o.s.a.f.CglibAopProxy] - Unable to proxy method [public final void org.springframework.test.context.junit4.AbstractJUnit4SpringContextTests.setApplicationContext(org.springframework.context.ApplicationContext)] because it is final: All calls to this method via a proxy will NOT be routed to the target instance.  
2016-11-15 08:09:11,585 [main] INFO - [o.s.t.c.t.TransactionContext] - Began transaction (1) for test context [DefaultTestContext@c24109 testClass = OrionDocumentRepositoryIntegrationTest, testInstance = com.volvo.phoenix.orion.repository.OrionDocumentRepositoryIntegrationTest@13bcbcd, testMethod = shouldFindComponentsByDocumentId@OrionDocumentRepositoryIntegrationTest, testException = [null], mergedContextConfiguration = [MergedContextConfiguration@c11c0f testClass = OrionDocumentRepositoryIntegrationTest, locations = '{}', classes = '{class com.volvo.jvs.test.AbstractTestCase$Config}', contextInitializerClasses = '[]', activeProfiles = '{junit}', propertySourceLocations = '{}', propertySourceProperties = '{}', contextLoader = 'org.springframework.test.context.support.DelegatingSmartContextLoader', parent = [null]]]; transaction manager [org.springframework.transaction.jta.JtaTransactionManager@1938de]; rollback [true]  
2016-11-15 08:09:14,731 [main] INFO - [o.s.t.c.t.TransactionContext] - Rolled back transaction for test context [DefaultTestContext@c24109 testClass = OrionDocumentRepositoryIntegrationTest, testInstance = com.volvo.phoenix.orion.repository.OrionDocumentRepositoryIntegrationTest@13bcbcd, testMethod = shouldFindComponentsByDocumentId@OrionDocumentRepositoryIntegrationTest, testException = [null], mergedContextConfiguration = [MergedContextConfiguration@c11c0f testClass = OrionDocumentRepositoryIntegrationTest, locations = '{}', classes = '{class com.volvo.jvs.test.AbstractTestCase$Config}', contextInitializerClasses = '[]', activeProfiles = '{junit}', propertySourceLocations = '{}', propertySourceProperties = '{}', contextLoader = 'org.springframework.test.context.support.DelegatingSmartContextLoader', parent = [null]]].  
2016-11-15 08:09:14,735 [main] INFO - [o.s.t.c.t.TransactionContext] - Began transaction (1) for test context [DefaultTestContext@c24109 testClass = OrionDocumentRepositoryIntegrationTest, testInstance = com.volvo.phoenix.orion.repository.OrionDocumentRepositoryIntegrationTest@948174, testMethod = shouldFindDocumentNameByDocumentId@OrionDocumentRepositoryIntegrationTest, testException = [null], mergedContextConfiguration = [MergedContextConfiguration@c11c0f testClass = OrionDocumentRepositoryIntegrationTest, locations = '{}', classes = '{class com.volvo.jvs.test.AbstractTestCase$Config}', contextInitializerClasses = '[]', activeProfiles = '{junit}', propertySourceLocations = '{}', propertySourceProperties = '{}', contextLoader = 'org.springframework.test.context.support.DelegatingSmartContextLoader', parent = [null]]]; transaction manager [org.springframework.transaction.jta.JtaTransactionManager@1938de]; rollback [true]  
2016-11-15 08:09:16,956 [main] INFO - [o.s.t.c.t.TransactionContext] - Rolled back transaction for test context [DefaultTestContext@c24109 testClass = OrionDocumentRepositoryIntegrationTest, testInstance = com.volvo.phoenix.orion.repository.OrionDocumentRepositoryIntegrationTest@948174, testMethod = shouldFindDocumentNameByDocumentId@OrionDocumentRepositoryIntegrationTest, testException = [null], mergedContextConfiguration = [MergedContextConfiguration@c11c0f testClass = OrionDocumentRepositoryIntegrationTest, locations = '{}', classes = '{class com.volvo.jvs.test.AbstractTestCase$Config}', contextInitializerClasses = '[]', activeProfiles = '{junit}', propertySourceLocations = '{}', propertySourceProperties = '{}', contextLoader = 'org.springframework.test.context.support.DelegatingSmartContextLoader', parent = [null]]].  
2016-11-15 08:09:16,959 [main] INFO - [o.s.t.c.t.TransactionContext] - Began transaction (1) for test context [DefaultTestContext@c24109 testClass = OrionDocumentRepositoryIntegrationTest, testInstance = com.volvo.phoenix.orion.repository.OrionDocumentRepositoryIntegrationTest@189a38f, testMethod = shouldFindLatestDocumentVersion@OrionDocumentRepositoryIntegrationTest, testException = [null], mergedContextConfiguration = [MergedContextConfiguration@c11c0f testClass = OrionDocumentRepositoryIntegrationTest, locations = '{}', classes = '{class com.volvo.jvs.test.AbstractTestCase$Config}', contextInitializerClasses = '[]', activeProfiles = '{junit}', propertySourceLocations = '{}', propertySourceProperties = '{}', contextLoader = 'org.springframework.test.context.support.DelegatingSmartContextLoader', parent = [null]]]; transaction manager [org.springframework.transaction.jta.JtaTransactionManager@1938de]; rollback [true]  
2016-11-15 08:09:20,347 [main] INFO - [o.s.t.c.t.TransactionContext] - Rolled back transaction for test context [DefaultTestContext@c24109 testClass = OrionDocumentRepositoryIntegrationTest, testInstance = com.volvo.phoenix.orion.repository.OrionDocumentRepositoryIntegrationTest@189a38f, testMethod = shouldFindLatestDocumentVersion@OrionDocumentRepositoryIntegrationTest, testException = [null], mergedContextConfiguration = [MergedContextConfiguration@c11c0f testClass = OrionDocumentRepositoryIntegrationTest, locations = '{}', classes = '{class com.volvo.jvs.test.AbstractTestCase$Config}', contextInitializerClasses = '[]', activeProfiles = '{junit}', propertySourceLocations = '{}', propertySourceProperties = '{}', contextLoader = 'org.springframework.test.context.support.DelegatingSmartContextLoader', parent = [null]]].  
2016-11-15 08:09:20,351 [main] INFO - [o.s.t.c.t.TransactionContext] - Began transaction (1) for test context [DefaultTestContext@c24109 testClass = OrionDocumentRepositoryIntegrationTest, testInstance = com.volvo.phoenix.orion.repository.OrionDocumentRepositoryIntegrationTest@14579f3, testMethod = shouldCreateNewACL@OrionDocumentRepositoryIntegrationTest, testException = [null], mergedContextConfiguration = [MergedContextConfiguration@c11c0f testClass = OrionDocumentRepositoryIntegrationTest, locations = '{}', classes = '{class com.volvo.jvs.test.AbstractTestCase$Config}', contextInitializerClasses = '[]', activeProfiles = '{junit}', propertySourceLocations = '{}', propertySourceProperties = '{}', contextLoader = 'org.springframework.test.context.support.DelegatingSmartContextLoader', parent = [null]]]; transaction manager [org.springframework.transaction.jta.JtaTransactionManager@1938de]; rollback [true]  
2016-11-15 08:09:22,479 [main] INFO - [o.s.t.c.t.TransactionContext] - Rolled back transaction for test context [DefaultTestContext@c24109 testClass = OrionDocumentRepositoryIntegrationTest, testInstance = com.volvo.phoenix.orion.repository.OrionDocumentRepositoryIntegrationTest@14579f3, testMethod = shouldCreateNewACL@OrionDocumentRepositoryIntegrationTest, testException = [null], mergedContextConfiguration = [MergedContextConfiguration@c11c0f testClass = OrionDocumentRepositoryIntegrationTest, locations = '{}', classes = '{class com.volvo.jvs.test.AbstractTestCase$Config}', contextInitializerClasses = '[]', activeProfiles = '{junit}', propertySourceLocations = '{}', propertySourceProperties = '{}', contextLoader = 'org.springframework.test.context.support.DelegatingSmartContextLoader', parent = [null]]].  
2016-11-15 08:09:22,480 [main] INFO - [o.s.c.s.GenericApplicationContext] - Closing org.springframework.context.support.GenericApplicationContext@8b88bd: startup date [Tue Nov 15 08:09:05 CET 2016]; root of context hierarchy  
2016-11-15 08:09:22,561 [main] INFO - [o.s.o.j.LocalContainerEntityManagerFactoryBean] - Closing JPA EntityManagerFactory for persistence unit 'PhoenixOrionPU'  
2016-11-15 08:09:22,641 [main] INFO - [o.s.t.c.s.AbstractContextLoader] - Could not detect default resource locations for test class [com.volvo.jvs.test.AbstractTestCase]: no resource found for suffixes {-context.xml, Context.groovy}.  
2016-11-15 08:09:22,642 [main] INFO - [o.s.t.c.s.AbstractDelegatingSmartContextLoader] - AnnotationConfigContextLoader detected default configuration classes for context configuration [ContextConfigurationAttributes@12a85e declaringClass = 'com.volvo.jvs.test.AbstractTestCase', classes = '{class com.volvo.jvs.test.AbstractTestCase$Config}', locations = '{}', inheritLocations = true, initializers = '{}', inheritInitializers = true, name = [null], contextLoaderClass = 'org.springframework.test.context.ContextLoader'].  
2016-11-15 08:09:22,642 [main] INFO - [o.s.t.c.s.DefaultTestContextBootstrapper] - Using TestExecutionListeners: [org.springframework.test.context.web.ServletTestExecutionListener@ebd11b, org.springframework.test.context.support.DependencyInjectionTestExecutionListener@1ed5379, org.springframework.test.context.support.DirtiesContextTestExecutionListener@3330d, org.springframework.test.context.transaction.TransactionalTestExecutionListener@c9f9d]  
2016-11-15 08:09:22,644 [main] INFO - [o.s.c.s.GenericApplicationContext] - Refreshing org.springframework.context.support.GenericApplicationContext@c32994: startup date [Tue Nov 15 08:09:22 CET 2016]; root of context hierarchy  
2016-11-15 08:09:22,652 [main] INFO - [o.s.b.f.x.XmlBeanDefinitionReader] - Loading XML bean definitions from class path resource [applicationContext.xml]  
2016-11-15 08:09:22,652 [main] INFO - [o.s.b.f.x.XmlBeanDefinitionReader] - Loading XML bean definitions from class path resource [applicationContext.xml]  
2016-11-15 08:09:22,666 [main] INFO - [o.s.b.f.x.XmlBeanDefinitionReader] - Loading XML bean definitions from class path resource [dataSources.xml]  
2016-11-15 08:09:22,666 [main] INFO - [o.s.b.f.x.XmlBeanDefinitionReader] - Loading XML bean definitions from class path resource [dataSources.xml]  
2016-11-15 08:09:22,690 [main] INFO - [o.s.b.f.x.XmlBeanDefinitionReader] - Loading XML bean definitions from class path resource [txManager.xml]  
2016-11-15 08:09:22,690 [main] INFO - [o.s.b.f.x.XmlBeanDefinitionReader] - Loading XML bean definitions from class path resource [txManager.xml]  
2016-11-15 08:09:22,701 [main] INFO - [o.s.b.f.x.XmlBeanDefinitionReader] - Loading XML bean definitions from class path resource [jpa.xml]  
2016-11-15 08:09:22,701 [main] INFO - [o.s.b.f.x.XmlBeanDefinitionReader] - Loading XML bean definitions from class path resource [jpa.xml]  
2016-11-15 08:09:22,723 [main] INFO - [o.s.b.f.x.XmlBeanDefinitionReader] - Loading XML bean definitions from URL [file:/C:/workspace2/Phoenix/PhoenixCopyManager/PhoenixDocumentManagementDomain/PhoenixOrion/target/test-classes/META-INF/componentContext.xml]  
2016-11-15 08:09:22,723 [main] INFO - [o.s.b.f.x.XmlBeanDefinitionReader] - Loading XML bean definitions from URL [file:/C:/workspace2/Phoenix/PhoenixCopyManager/PhoenixDocumentManagementDomain/PhoenixOrion/target/test-classes/META-INF/componentContext.xml]  
2016-11-15 08:09:22,759 [main] INFO - [o.s.b.f.x.XmlBeanDefinitionReader] - Loading XML bean definitions from URL [file:/C:/workspace2/Phoenix/PhoenixCopyManager/PhoenixDocumentManagementDomain/PhoenixOrion/target/classes/META-INF/componentContext.xml]  
2016-11-15 08:09:22,759 [main] INFO - [o.s.b.f.x.XmlBeanDefinitionReader] - Loading XML bean definitions from URL [file:/C:/workspace2/Phoenix/PhoenixCopyManager/PhoenixDocumentManagementDomain/PhoenixOrion/target/classes/META-INF/componentContext.xml]  
2016-11-15 08:09:22,887 [main] INFO - [o.s.c.s.PropertySourcesPlaceholderConfigurer] - Loading properties file from class path resource [dataSources.properties]  
2016-11-15 08:09:22,889 [main] INFO - [o.s.c.s.PropertySourcesPlaceholderConfigurer] - Loading properties file from class path resource [dataSources.properties]  
2016-11-15 08:09:22,895 [main] INFO - [o.s.b.f.a.AutowiredAnnotationBeanPostProcessor] - JSR-330 'javax.inject.Inject' annotation found and supported for autowiring  
2016-11-15 08:09:22,903 [main] WARN - [c.a.j.AbstractDataSourceBean] - AtomikosDataSoureBean 'DataSource_Resource': poolSize equals default - this may cause performance problems!  
2016-11-15 08:09:23,649 [main] INFO - [o.s.o.j.LocalContainerEntityManagerFactoryBean] - Building JPA container EntityManagerFactory for persistence unit 'PhoenixOrionPU'  
2016-11-15 08:09:23,682 [main] WARN - [c.a.j.AtomikosConnectionProxy] - atomikos connection proxy for oracle.jdbc.driver.LogicalConnection@f27132: WARNING: transaction manager not running?  
2016-11-15 08:09:24,022 [main] WARN - [c.a.j.AtomikosConnectionProxy] - atomikos connection proxy for oracle.jdbc.driver.LogicalConnection@f27132: WARNING: transaction manager not running?  
2016-11-15 08:09:24,022 [main] WARN - [c.a.j.AtomikosConnectionProxy] - atomikos connection proxy for oracle.jdbc.driver.LogicalConnection@f27132: WARNING: transaction manager not running?  
2016-11-15 08:09:24,022 [main] WARN - [c.a.j.AtomikosConnectionProxy] - atomikos connection proxy for oracle.jdbc.driver.LogicalConnection@f27132: WARNING: transaction manager not running?  
2016-11-15 08:09:24,171 [main] WARN - [c.a.j.AtomikosConnectionProxy] - atomikos connection proxy for oracle.jdbc.driver.LogicalConnection@f27132: WARNING: transaction manager not running?  
2016-11-15 08:09:24,249 [main] WARN - [c.a.i.c.UserTransactionServiceImp] - No properties path set - looking for transactions.properties in classpath...  
2016-11-15 08:09:24,250 [main] WARN - [c.a.i.c.UserTransactionServiceImp] - Using init file: /C:/workspace2/Phoenix/PhoenixCopyManager/PhoenixDocumentManagementDomain/PhoenixOrion/target/test-classes/transactions.properties  
2016-11-15 08:09:25,458 [main] INFO - [o.s.t.j.JtaTransactionManager] - Using JTA UserTransaction: com.atomikos.icatch.jta.UserTransactionManager@133f970  
2016-11-15 08:09:25,458 [main] INFO - [o.s.t.j.JtaTransactionManager] - Using JTA TransactionManager: com.atomikos.icatch.jta.UserTransactionManager@133f970  
2016-11-15 08:09:25,557 [main] WARN - [o.s.a.f.CglibAopProxy] - Unable to proxy method [public final void org.springframework.test.context.junit4.AbstractJUnit4SpringContextTests.setApplicationContext(org.springframework.context.ApplicationContext)] because it is final: All calls to this method via a proxy will NOT be routed to the target instance.  
2016-11-15 08:09:25,567 [main] INFO - [o.s.t.c.t.TransactionContext] - Began transaction (1) for test context [DefaultTestContext@f78aef testClass = OrionGroupRepositoryIntegrationTest, testInstance = com.volvo.phoenix.orion.repository.OrionGroupRepositoryIntegrationTest@1c2547b, testMethod = testFindByUsernameIgnoreCase@OrionGroupRepositoryIntegrationTest, testException = [null], mergedContextConfiguration = [MergedContextConfiguration@1388b6e testClass = OrionGroupRepositoryIntegrationTest, locations = '{}', classes = '{class com.volvo.jvs.test.AbstractTestCase$Config}', contextInitializerClasses = '[]', activeProfiles = '{junit}', propertySourceLocations = '{}', propertySourceProperties = '{}', contextLoader = 'org.springframework.test.context.support.DelegatingSmartContextLoader', parent = [null]]]; transaction manager [org.springframework.transaction.jta.JtaTransactionManager@14a001b]; rollback [true]  
2016-11-15 08:09:28,201 [main] INFO - [o.s.t.c.t.TransactionContext] - Rolled back transaction for test context [DefaultTestContext@f78aef testClass = OrionGroupRepositoryIntegrationTest, testInstance = com.volvo.phoenix.orion.repository.OrionGroupRepositoryIntegrationTest@1c2547b, testMethod = testFindByUsernameIgnoreCase@OrionGroupRepositoryIntegrationTest, testException = [null], mergedContextConfiguration = [MergedContextConfiguration@1388b6e testClass = OrionGroupRepositoryIntegrationTest, locations = '{}', classes = '{class com.volvo.jvs.test.AbstractTestCase$Config}', contextInitializerClasses = '[]', activeProfiles = '{junit}', propertySourceLocations = '{}', propertySourceProperties = '{}', contextLoader = 'org.springframework.test.context.support.DelegatingSmartContextLoader', parent = [null]]].  
2016-11-15 08:09:28,202 [main] INFO - [o.s.c.s.GenericApplicationContext] - Closing org.springframework.context.support.GenericApplicationContext@c32994: startup date [Tue Nov 15 08:09:22 CET 2016]; root of context hierarchy  
2016-11-15 08:09:28,287 [main] INFO - [o.s.o.j.LocalContainerEntityManagerFactoryBean] - Closing JPA EntityManagerFactory for persistence unit 'PhoenixOrionPU'  
2016-11-15 08:09:28,366 [main] INFO - [o.s.t.c.s.AbstractContextLoader] - Could not detect default resource locations for test class [com.volvo.jvs.test.AbstractTestCase]: no resource found for suffixes {-context.xml, Context.groovy}.  
2016-11-15 08:09:28,367 [main] INFO - [o.s.t.c.s.AbstractDelegatingSmartContextLoader] - AnnotationConfigContextLoader detected default configuration classes for context configuration [ContextConfigurationAttributes@90240 declaringClass = 'com.volvo.jvs.test.AbstractTestCase', classes = '{class com.volvo.jvs.test.AbstractTestCase$Config}', locations = '{}', inheritLocations = true, initializers = '{}', inheritInitializers = true, name = [null], contextLoaderClass = 'org.springframework.test.context.ContextLoader'].  
2016-11-15 08:09:28,368 [main] INFO - [o.s.t.c.s.DefaultTestContextBootstrapper] - Using TestExecutionListeners: [org.springframework.test.context.web.ServletTestExecutionListener@172c934, org.springframework.test.context.support.DependencyInjectionTestExecutionListener@f7b543, org.springframework.test.context.support.DirtiesContextTestExecutionListener@9d80c7, org.springframework.test.context.transaction.TransactionalTestExecutionListener@71977e]  
2016-11-15 08:09:28,371 [main] INFO - [o.s.c.s.GenericApplicationContext] - Refreshing org.springframework.context.support.GenericApplicationContext@190e5f0: startup date [Tue Nov 15 08:09:28 CET 2016]; root of context hierarchy  
2016-11-15 08:09:28,380 [main] INFO - [o.s.b.f.x.XmlBeanDefinitionReader] - Loading XML bean definitions from class path resource [applicationContext.xml]  
2016-11-15 08:09:28,380 [main] INFO - [o.s.b.f.x.XmlBeanDefinitionReader] - Loading XML bean definitions from class path resource [applicationContext.xml]  
2016-11-15 08:09:28,400 [main] INFO - [o.s.b.f.x.XmlBeanDefinitionReader] - Loading XML bean definitions from class path resource [dataSources.xml]  
2016-11-15 08:09:28,400 [main] INFO - [o.s.b.f.x.XmlBeanDefinitionReader] - Loading XML bean definitions from class path resource [dataSources.xml]  
2016-11-15 08:09:28,420 [main] INFO - [o.s.b.f.x.XmlBeanDefinitionReader] - Loading XML bean definitions from class path resource [txManager.xml]  
2016-11-15 08:09:28,420 [main] INFO - [o.s.b.f.x.XmlBeanDefinitionReader] - Loading XML bean definitions from class path resource [txManager.xml]  
2016-11-15 08:09:28,436 [main] INFO - [o.s.b.f.x.XmlBeanDefinitionReader] - Loading XML bean definitions from class path resource [jpa.xml]  
2016-11-15 08:09:28,436 [main] INFO - [o.s.b.f.x.XmlBeanDefinitionReader] - Loading XML bean definitions from class path resource [jpa.xml]  
2016-11-15 08:09:28,456 [main] INFO - [o.s.b.f.x.XmlBeanDefinitionReader] - Loading XML bean definitions from URL [file:/C:/workspace2/Phoenix/PhoenixCopyManager/PhoenixDocumentManagementDomain/PhoenixOrion/target/test-classes/META-INF/componentContext.xml]  
2016-11-15 08:09:28,456 [main] INFO - [o.s.b.f.x.XmlBeanDefinitionReader] - Loading XML bean definitions from URL [file:/C:/workspace2/Phoenix/PhoenixCopyManager/PhoenixDocumentManagementDomain/PhoenixOrion/target/test-classes/META-INF/componentContext.xml]  
2016-11-15 08:09:28,499 [main] INFO - [o.s.b.f.x.XmlBeanDefinitionReader] - Loading XML bean definitions from URL [file:/C:/workspace2/Phoenix/PhoenixCopyManager/PhoenixDocumentManagementDomain/PhoenixOrion/target/classes/META-INF/componentContext.xml]  
2016-11-15 08:09:28,499 [main] INFO - [o.s.b.f.x.XmlBeanDefinitionReader] - Loading XML bean definitions from URL [file:/C:/workspace2/Phoenix/PhoenixCopyManager/PhoenixDocumentManagementDomain/PhoenixOrion/target/classes/META-INF/componentContext.xml]  
2016-11-15 08:09:28,634 [main] INFO - [o.s.c.s.PropertySourcesPlaceholderConfigurer] - Loading properties file from class path resource [dataSources.properties]  
2016-11-15 08:09:28,636 [main] INFO - [o.s.c.s.PropertySourcesPlaceholderConfigurer] - Loading properties file from class path resource [dataSources.properties]  
2016-11-15 08:09:28,644 [main] INFO - [o.s.b.f.a.AutowiredAnnotationBeanPostProcessor] - JSR-330 'javax.inject.Inject' annotation found and supported for autowiring  
2016-11-15 08:09:28,652 [main] WARN - [c.a.j.AbstractDataSourceBean] - AtomikosDataSoureBean 'DataSource_Resource': poolSize equals default - this may cause performance problems!  
2016-11-15 08:09:29,409 [main] INFO - [o.s.o.j.LocalContainerEntityManagerFactoryBean] - Building JPA container EntityManagerFactory for persistence unit 'PhoenixOrionPU'  
2016-11-15 08:09:29,445 [main] WARN - [c.a.j.AtomikosConnectionProxy] - atomikos connection proxy for oracle.jdbc.driver.LogicalConnection@1390b8b: WARNING: transaction manager not running?  
2016-11-15 08:09:29,859 [main] WARN - [c.a.j.AtomikosConnectionProxy] - atomikos connection proxy for oracle.jdbc.driver.LogicalConnection@1390b8b: WARNING: transaction manager not running?  
2016-11-15 08:09:29,859 [main] WARN - [c.a.j.AtomikosConnectionProxy] - atomikos connection proxy for oracle.jdbc.driver.LogicalConnection@1390b8b: WARNING: transaction manager not running?  
2016-11-15 08:09:29,860 [main] WARN - [c.a.j.AtomikosConnectionProxy] - atomikos connection proxy for oracle.jdbc.driver.LogicalConnection@1390b8b: WARNING: transaction manager not running?  
2016-11-15 08:09:30,007 [main] WARN - [c.a.j.AtomikosConnectionProxy] - atomikos connection proxy for oracle.jdbc.driver.LogicalConnection@1390b8b: WARNING: transaction manager not running?  
2016-11-15 08:09:30,076 [main] WARN - [c.a.i.c.UserTransactionServiceImp] - No properties path set - looking for transactions.properties in classpath...  
2016-11-15 08:09:30,077 [main] WARN - [c.a.i.c.UserTransactionServiceImp] - Using init file: /C:/workspace2/Phoenix/PhoenixCopyManager/PhoenixDocumentManagementDomain/PhoenixOrion/target/test-classes/transactions.properties  
2016-11-15 08:09:31,282 [main] INFO - [o.s.t.j.JtaTransactionManager] - Using JTA UserTransaction: com.atomikos.icatch.jta.UserTransactionManager@9084e3  
2016-11-15 08:09:31,283 [main] INFO - [o.s.t.j.JtaTransactionManager] - Using JTA TransactionManager: com.atomikos.icatch.jta.UserTransactionManager@9084e3  
2016-11-15 08:09:31,358 [main] WARN - [o.s.a.f.CglibAopProxy] - Unable to proxy method [public final void org.springframework.test.context.junit4.AbstractJUnit4SpringContextTests.setApplicationContext(org.springframework.context.ApplicationContext)] because it is final: All calls to this method via a proxy will NOT be routed to the target instance.  
2016-11-15 08:09:31,367 [main] INFO - [o.s.t.c.t.TransactionContext] - Began transaction (1) for test context [DefaultTestContext@4e186d testClass = OrionSecurityServiceIntegrationTest, testInstance = com.volvo.phoenix.orion.service.impl.OrionSecurityServiceIntegrationTest@125dad6, testMethod = shouldFindACLAdministrators@OrionSecurityServiceIntegrationTest, testException = [null], mergedContextConfiguration = [MergedContextConfiguration@42268d testClass = OrionSecurityServiceIntegrationTest, locations = '{}', classes = '{class com.volvo.jvs.test.AbstractTestCase$Config}', contextInitializerClasses = '[]', activeProfiles = '{junit}', propertySourceLocations = '{}', propertySourceProperties = '{}', contextLoader = 'org.springframework.test.context.support.DelegatingSmartContextLoader', parent = [null]]]; transaction manager [org.springframework.transaction.jta.JtaTransactionManager@f10386]; rollback [true]  
2016-11-15 08:09:33,715 [main] INFO - [o.s.t.c.t.TransactionContext] - Rolled back transaction for test context [DefaultTestContext@4e186d testClass = OrionSecurityServiceIntegrationTest, testInstance = com.volvo.phoenix.orion.service.impl.OrionSecurityServiceIntegrationTest@125dad6, testMethod = shouldFindACLAdministrators@OrionSecurityServiceIntegrationTest, testException = [null], mergedContextConfiguration = [MergedContextConfiguration@42268d testClass = OrionSecurityServiceIntegrationTest, locations = '{}', classes = '{class com.volvo.jvs.test.AbstractTestCase$Config}', contextInitializerClasses = '[]', activeProfiles = '{junit}', propertySourceLocations = '{}', propertySourceProperties = '{}', contextLoader = 'org.springframework.test.context.support.DelegatingSmartContextLoader', parent = [null]]].  
2016-11-15 08:09:33,717 [main] INFO - [o.s.c.s.GenericApplicationContext] - Closing org.springframework.context.support.GenericApplicationContext@190e5f0: startup date [Tue Nov 15 08:09:28 CET 2016]; root of context hierarchy  
2016-11-15 08:09:33,793 [main] INFO - [o.s.o.j.LocalContainerEntityManagerFactoryBean] - Closing JPA EntityManagerFactory for persistence unit 'PhoenixOrionPU'  
